{"/Users/rindo/Desktop/test/wednesday-challenge/app/configureStore.js": {"path":"/Users/rindo/Desktop/test/wednesday-challenge/app/configureStore.js","statementMap":{"0":{"start":{"line":15,"column":22},"end":{"line":21,"column":1}},"1":{"start":{"line":23,"column":25},"end":{"line":23,"column":71}},"2":{"start":{"line":26,"column":25},"end":{"line":26,"column":32}},"3":{"start":{"line":27,"column":34},"end":{"line":27,"column":36}},"4":{"start":{"line":46,"column":25},"end":{"line":46,"column":70}},"5":{"start":{"line":51,"column":22},"end":{"line":51,"column":65}},"6":{"start":{"line":52,"column":20},"end":{"line":52,"column":53}},"7":{"start":{"line":53,"column":18},"end":{"line":53,"column":36}},"8":{"start":{"line":54,"column":25},"end":{"line":57,"column":4}},"9":{"start":{"line":59,"column":16},"end":{"line":59,"column":107}},"10":{"start":{"line":60,"column":20},"end":{"line":60,"column":39}},"11":{"start":{"line":63,"column":2},"end":{"line":63,"column":37}},"12":{"start":{"line":64,"column":2},"end":{"line":64,"column":30}},"13":{"start":{"line":65,"column":2},"end":{"line":65,"column":27}},"14":{"start":{"line":74,"column":2},"end":{"line":74,"column":30}}},"fnMap":{"0":{"name":"configureStore","decl":{"start":{"line":25,"column":24},"end":{"line":25,"column":38}},"loc":{"start":{"line":25,"column":67},"end":{"line":75,"column":1}},"line":25}},"branchMap":{"0":{"loc":{"start":{"line":25,"column":39},"end":{"line":25,"column":56}},"type":"default-arg","locations":[{"start":{"line":25,"column":54},"end":{"line":25,"column":56}}],"line":25}},"s":{"0":9,"1":9,"2":6,"3":6,"4":6,"5":6,"6":6,"7":6,"8":6,"9":6,"10":6,"11":6,"12":6,"13":6,"14":6},"f":{"0":6},"b":{"0":[1]},"_coverageSchema":"1a1c01bbd47fc00a2c39e90264f33305004495a9","hash":"3f9c1f04e71776e6f820bb19f033c29872e7ddb2"}
,"/Users/rindo/Desktop/test/wednesday-challenge/app/i18n.js": {"path":"/Users/rindo/Desktop/test/wednesday-challenge/app/i18n.js","statementMap":{"0":{"start":{"line":14,"column":30},"end":{"line":14,"column":63}},"1":{"start":{"line":16,"column":30},"end":{"line":16,"column":34}},"2":{"start":{"line":19,"column":26},"end":{"line":21,"column":1}},"3":{"start":{"line":23,"column":41},"end":{"line":32,"column":1}},"4":{"start":{"line":25,"column":4},"end":{"line":25,"column":101}},"5":{"start":{"line":26,"column":35},"end":{"line":30,"column":3}},"6":{"start":{"line":28,"column":6},"end":{"line":28,"column":97}},"7":{"start":{"line":29,"column":4},"end":{"line":29,"column":73}},"8":{"start":{"line":31,"column":2},"end":{"line":31,"column":68}},"9":{"start":{"line":34,"column":35},"end":{"line":36,"column":1}}},"fnMap":{"0":{"name":"(anonymous_0)","decl":{"start":{"line":23,"column":41},"end":{"line":23,"column":42}},"loc":{"start":{"line":23,"column":63},"end":{"line":32,"column":1}},"line":23},"1":{"name":"(anonymous_1)","decl":{"start":{"line":26,"column":35},"end":{"line":26,"column":36}},"loc":{"start":{"line":26,"column":63},"end":{"line":30,"column":3}},"line":26}},"branchMap":{"0":{"loc":{"start":{"line":25,"column":4},"end":{"line":25,"column":101}},"type":"cond-expr","locations":[{"start":{"line":25,"column":32},"end":{"line":25,"column":96}},{"start":{"line":25,"column":99},"end":{"line":25,"column":101}}],"line":25},"1":{"loc":{"start":{"line":28,"column":6},"end":{"line":28,"column":97}},"type":"cond-expr","locations":[{"start":{"line":28,"column":52},"end":{"line":28,"column":81}},{"start":{"line":28,"column":84},"end":{"line":28,"column":97}}],"line":28},"2":{"loc":{"start":{"line":28,"column":6},"end":{"line":28,"column":49}},"type":"binary-expr","locations":[{"start":{"line":28,"column":6},"end":{"line":28,"column":20}},{"start":{"line":28,"column":24},"end":{"line":28,"column":49}}],"line":28}},"s":{"0":12,"1":12,"2":12,"3":12,"4":15,"5":15,"6":139,"7":139,"8":15,"9":12},"f":{"0":15,"1":139},"b":{"0":[1,14],"1":[1,138],"2":[139,1]},"_coverageSchema":"1a1c01bbd47fc00a2c39e90264f33305004495a9","hash":"77780d469f2d0e407583cd5bf3e28c036c631c65"}
,"/Users/rindo/Desktop/test/wednesday-challenge/app/icons.js": {"path":"/Users/rindo/Desktop/test/wednesday-challenge/app/icons.js","statementMap":{},"fnMap":{},"branchMap":{},"s":{},"f":{},"b":{}}
,"/Users/rindo/Desktop/test/wednesday-challenge/app/reducers.js": {"path":"/Users/rindo/Desktop/test/wednesday-challenge/app/reducers.js","statementMap":{"0":{"start":{"line":16,"column":22},"end":{"line":21,"column":4}},"1":{"start":{"line":23,"column":2},"end":{"line":23,"column":21}}},"fnMap":{"0":{"name":"createReducer","decl":{"start":{"line":15,"column":24},"end":{"line":15,"column":37}},"loc":{"start":{"line":15,"column":60},"end":{"line":24,"column":1}},"line":15}},"branchMap":{"0":{"loc":{"start":{"line":15,"column":38},"end":{"line":15,"column":58}},"type":"default-arg","locations":[{"start":{"line":15,"column":56},"end":{"line":15,"column":58}}],"line":15}},"s":{"0":9,"1":9},"f":{"0":9},"b":{"0":[9]},"_coverageSchema":"1a1c01bbd47fc00a2c39e90264f33305004495a9","hash":"5fad4e27376b1663edb8886f876eed8edecd6305"}
,"/Users/rindo/Desktop/test/wednesday-challenge/app/routeConfig.js": {"path":"/Users/rindo/Desktop/test/wednesday-challenge/app/routeConfig.js","statementMap":{"0":{"start":{"line":4,"column":27},"end":{"line":13,"column":1}}},"fnMap":{},"branchMap":{},"s":{"0":1},"f":{},"b":{},"_coverageSchema":"1a1c01bbd47fc00a2c39e90264f33305004495a9","hash":"25e0d600f124778d43bf03b8d29a3151d44ea2d8"}
,"/Users/rindo/Desktop/test/wednesday-challenge/app/components/Clickable/index.js": {"path":"/Users/rindo/Desktop/test/wednesday-challenge/app/components/Clickable/index.js","statementMap":{"0":{"start":{"line":12,"column":24},"end":{"line":17,"column":1}},"1":{"start":{"line":19,"column":2},"end":{"line":23,"column":4}},"2":{"start":{"line":26,"column":0},"end":{"line":29,"column":2}}},"fnMap":{"0":{"name":"Clickable","decl":{"start":{"line":18,"column":16},"end":{"line":18,"column":25}},"loc":{"start":{"line":18,"column":47},"end":{"line":24,"column":1}},"line":18}},"branchMap":{"0":{"loc":{"start":{"line":21,"column":7},"end":{"line":21,"column":34}},"type":"binary-expr","locations":[{"start":{"line":21,"column":7},"end":{"line":21,"column":13}},{"start":{"line":21,"column":17},"end":{"line":21,"column":34}}],"line":21}},"s":{"0":3,"1":10,"2":3},"f":{"0":10},"b":{"0":[10,8]},"_coverageSchema":"1a1c01bbd47fc00a2c39e90264f33305004495a9","hash":"9f71b425a330b53c357bcd3353bde92ed158c839"}
,"/Users/rindo/Desktop/test/wednesday-challenge/app/components/For/index.js": {"path":"/Users/rindo/Desktop/test/wednesday-challenge/app/components/For/index.js","statementMap":{"0":{"start":{"line":11,"column":22},"end":{"line":14,"column":1}},"1":{"start":{"line":13,"column":32},"end":{"line":13,"column":64}},"2":{"start":{"line":16,"column":55},"end":{"line":16,"column":83}},"3":{"start":{"line":17,"column":15},"end":{"line":17,"column":90}},"4":{"start":{"line":17,"column":21},"end":{"line":17,"column":90}},"5":{"start":{"line":17,"column":46},"end":{"line":17,"column":88}},"6":{"start":{"line":18,"column":19},"end":{"line":22,"column":3}},"7":{"start":{"line":19,"column":4},"end":{"line":21,"column":22}},"8":{"start":{"line":23,"column":2},"end":{"line":25,"column":3}},"9":{"start":{"line":24,"column":4},"end":{"line":24,"column":45}},"10":{"start":{"line":26,"column":2},"end":{"line":26,"column":47}},"11":{"start":{"line":29,"column":0},"end":{"line":36,"column":2}},"12":{"start":{"line":37,"column":0},"end":{"line":39,"column":2}}},"fnMap":{"0":{"name":"(anonymous_0)","decl":{"start":{"line":13,"column":20},"end":{"line":13,"column":21}},"loc":{"start":{"line":13,"column":32},"end":{"line":13,"column":64}},"line":13},"1":{"name":"For","decl":{"start":{"line":16,"column":16},"end":{"line":16,"column":19}},"loc":{"start":{"line":16,"column":119},"end":{"line":27,"column":1}},"line":16},"2":{"name":"(anonymous_2)","decl":{"start":{"line":16,"column":44},"end":{"line":16,"column":45}},"loc":{"start":{"line":16,"column":55},"end":{"line":16,"column":83}},"line":16},"3":{"name":"(anonymous_3)","decl":{"start":{"line":17,"column":15},"end":{"line":17,"column":16}},"loc":{"start":{"line":17,"column":21},"end":{"line":17,"column":90}},"line":17},"4":{"name":"(anonymous_4)","decl":{"start":{"line":17,"column":28},"end":{"line":17,"column":29}},"loc":{"start":{"line":17,"column":46},"end":{"line":17,"column":88}},"line":17},"5":{"name":"(anonymous_5)","decl":{"start":{"line":18,"column":19},"end":{"line":18,"column":20}},"loc":{"start":{"line":19,"column":4},"end":{"line":21,"column":22}},"line":19}},"branchMap":{"0":{"loc":{"start":{"line":13,"column":32},"end":{"line":13,"column":64}},"type":"cond-expr","locations":[{"start":{"line":13,"column":46},"end":{"line":13,"column":52}},{"start":{"line":13,"column":55},"end":{"line":13,"column":64}}],"line":13},"1":{"loc":{"start":{"line":16,"column":26},"end":{"line":16,"column":83}},"type":"default-arg","locations":[{"start":{"line":16,"column":44},"end":{"line":16,"column":83}}],"line":16},"2":{"loc":{"start":{"line":23,"column":2},"end":{"line":25,"column":3}},"type":"if","locations":[{"start":{"line":23,"column":2},"end":{"line":25,"column":3}},{"start":{"line":23,"column":2},"end":{"line":25,"column":3}}],"line":23},"3":{"loc":{"start":{"line":24,"column":11},"end":{"line":24,"column":44}},"type":"cond-expr","locations":[{"start":{"line":24,"column":31},"end":{"line":24,"column":37}},{"start":{"line":24,"column":40},"end":{"line":24,"column":44}}],"line":24},"4":{"loc":{"start":{"line":24,"column":12},"end":{"line":24,"column":20}},"type":"binary-expr","locations":[{"start":{"line":24,"column":12},"end":{"line":24,"column":14}},{"start":{"line":24,"column":18},"end":{"line":24,"column":20}}],"line":24},"5":{"loc":{"start":{"line":26,"column":9},"end":{"line":26,"column":46}},"type":"cond-expr","locations":[{"start":{"line":26,"column":29},"end":{"line":26,"column":39}},{"start":{"line":26,"column":42},"end":{"line":26,"column":46}}],"line":26},"6":{"loc":{"start":{"line":26,"column":10},"end":{"line":26,"column":18}},"type":"binary-expr","locations":[{"start":{"line":26,"column":10},"end":{"line":26,"column":12}},{"start":{"line":26,"column":16},"end":{"line":26,"column":18}}],"line":26}},"s":{"0":2,"1":1,"2":1,"3":6,"4":4,"5":8,"6":6,"7":3,"8":6,"9":2,"10":4,"11":2,"12":2},"f":{"0":1,"1":6,"2":1,"3":4,"4":8,"5":3},"b":{"0":[1,0],"1":[1],"2":[2,4],"3":[1,1],"4":[2,1],"5":[3,1],"6":[4,1]},"_coverageSchema":"1a1c01bbd47fc00a2c39e90264f33305004495a9","hash":"de5fcaa0fb1cd35776098568644663ba73935e76"}
,"/Users/rindo/Desktop/test/wednesday-challenge/app/components/Header/index.js": {"path":"/Users/rindo/Desktop/test/wednesday-challenge/app/components/Header/index.js","statementMap":{"0":{"start":{"line":14,"column":21},"end":{"line":24,"column":1}},"1":{"start":{"line":25,"column":13},"end":{"line":29,"column":1}},"2":{"start":{"line":30,"column":14},"end":{"line":37,"column":1}},"3":{"start":{"line":39,"column":2},"end":{"line":44,"column":4}}},"fnMap":{"0":{"name":"Header","decl":{"start":{"line":38,"column":9},"end":{"line":38,"column":15}},"loc":{"start":{"line":38,"column":23},"end":{"line":45,"column":1}},"line":38}},"branchMap":{},"s":{"0":2,"1":2,"2":2,"3":3},"f":{"0":3},"b":{},"_coverageSchema":"1a1c01bbd47fc00a2c39e90264f33305004495a9","hash":"29354a4269418e6594b13476597ae5d46ec0de05"}
,"/Users/rindo/Desktop/test/wednesday-challenge/app/components/If/index.js": {"path":"/Users/rindo/Desktop/test/wednesday-challenge/app/components/If/index.js","statementMap":{"0":{"start":{"line":4,"column":11},"end":{"line":4,"column":74}},"1":{"start":{"line":4,"column":23},"end":{"line":4,"column":73}},"2":{"start":{"line":6,"column":0},"end":{"line":10,"column":2}},"3":{"start":{"line":11,"column":0},"end":{"line":13,"column":2}}},"fnMap":{"0":{"name":"(anonymous_0)","decl":{"start":{"line":4,"column":11},"end":{"line":4,"column":12}},"loc":{"start":{"line":4,"column":23},"end":{"line":4,"column":73}},"line":4}},"branchMap":{"0":{"loc":{"start":{"line":4,"column":23},"end":{"line":4,"column":73}},"type":"cond-expr","locations":[{"start":{"line":4,"column":41},"end":{"line":4,"column":55}},{"start":{"line":4,"column":58},"end":{"line":4,"column":73}}],"line":4}},"s":{"0":5,"1":19,"2":5,"3":5},"f":{"0":19},"b":{"0":[17,2]},"_coverageSchema":"1a1c01bbd47fc00a2c39e90264f33305004495a9","hash":"001c6f86617f8fb7fe87d6298fe76e2305fcc774"}
,"/Users/rindo/Desktop/test/wednesday-challenge/app/components/IntlGlobalProvider/index.js": {"path":"/Users/rindo/Desktop/test/wednesday-challenge/app/components/IntlGlobalProvider/index.js","statementMap":{"0":{"start":{"line":9,"column":2},"end":{"line":9,"column":19}},"1":{"start":{"line":10,"column":2},"end":{"line":10,"column":18}},"2":{"start":{"line":15,"column":2},"end":{"line":15,"column":14}},"3":{"start":{"line":18,"column":25},"end":{"line":18,"column":80}},"4":{"start":{"line":18,"column":46},"end":{"line":18,"column":80}}},"fnMap":{"0":{"name":"IntlGlobalProvider","decl":{"start":{"line":8,"column":16},"end":{"line":8,"column":34}},"loc":{"start":{"line":8,"column":49},"end":{"line":11,"column":1}},"line":8},"1":{"name":"appIntl","decl":{"start":{"line":14,"column":16},"end":{"line":14,"column":23}},"loc":{"start":{"line":14,"column":26},"end":{"line":16,"column":1}},"line":14},"2":{"name":"(anonymous_2)","decl":{"start":{"line":18,"column":25},"end":{"line":18,"column":26}},"loc":{"start":{"line":18,"column":46},"end":{"line":18,"column":80}},"line":18}},"branchMap":{"0":{"loc":{"start":{"line":18,"column":30},"end":{"line":18,"column":41}},"type":"default-arg","locations":[{"start":{"line":18,"column":39},"end":{"line":18,"column":41}}],"line":18}},"s":{"0":21,"1":21,"2":0,"3":8,"4":0},"f":{"0":21,"1":0,"2":0},"b":{"0":[0]},"_coverageSchema":"1a1c01bbd47fc00a2c39e90264f33305004495a9","hash":"c841d30bff6ea6d0812140674aa18266e714afc9"}
,"/Users/rindo/Desktop/test/wednesday-challenge/app/components/ProtectedRoute/index.js": {"path":"/Users/rindo/Desktop/test/wednesday-challenge/app/components/ProtectedRoute/index.js","statementMap":{"0":{"start":{"line":12,"column":23},"end":{"line":49,"column":1}},"1":{"start":{"line":14,"column":4},"end":{"line":17,"column":40}},"2":{"start":{"line":15,"column":23},"end":{"line":15,"column":55}},"3":{"start":{"line":16,"column":20},"end":{"line":16,"column":45}},"4":{"start":{"line":19,"column":29},"end":{"line":24,"column":3}},"5":{"start":{"line":20,"column":4},"end":{"line":22,"column":5}},"6":{"start":{"line":21,"column":6},"end":{"line":21,"column":36}},"7":{"start":{"line":23,"column":4},"end":{"line":23,"column":32}},"8":{"start":{"line":26,"column":28},"end":{"line":47,"column":3}},"9":{"start":{"line":28,"column":4},"end":{"line":45,"column":5}},"10":{"start":{"line":30,"column":6},"end":{"line":36,"column":7}},"11":{"start":{"line":31,"column":8},"end":{"line":31,"column":40}},"12":{"start":{"line":32,"column":8},"end":{"line":32,"column":23}},"13":{"start":{"line":35,"column":8},"end":{"line":35,"column":38}},"14":{"start":{"line":37,"column":11},"end":{"line":45,"column":5}},"15":{"start":{"line":39,"column":6},"end":{"line":44,"column":7}},"16":{"start":{"line":40,"column":8},"end":{"line":40,"column":44}},"17":{"start":{"line":43,"column":8},"end":{"line":43,"column":38}},"18":{"start":{"line":46,"column":4},"end":{"line":46,"column":47}},"19":{"start":{"line":48,"column":2},"end":{"line":48,"column":56}},"20":{"start":{"line":51,"column":0},"end":{"line":56,"column":2}}},"fnMap":{"0":{"name":"(anonymous_0)","decl":{"start":{"line":12,"column":23},"end":{"line":12,"column":24}},"loc":{"start":{"line":12,"column":93},"end":{"line":49,"column":1}},"line":12},"1":{"name":"(anonymous_1)","decl":{"start":{"line":15,"column":14},"end":{"line":15,"column":15}},"loc":{"start":{"line":15,"column":23},"end":{"line":15,"column":55}},"line":15},"2":{"name":"(anonymous_2)","decl":{"start":{"line":16,"column":11},"end":{"line":16,"column":12}},"loc":{"start":{"line":16,"column":20},"end":{"line":16,"column":45}},"line":16},"3":{"name":"(anonymous_3)","decl":{"start":{"line":19,"column":29},"end":{"line":19,"column":30}},"loc":{"start":{"line":19,"column":50},"end":{"line":24,"column":3}},"line":19},"4":{"name":"(anonymous_4)","decl":{"start":{"line":26,"column":28},"end":{"line":26,"column":29}},"loc":{"start":{"line":26,"column":45},"end":{"line":47,"column":3}},"line":26}},"branchMap":{"0":{"loc":{"start":{"line":14,"column":4},"end":{"line":17,"column":40}},"type":"binary-expr","locations":[{"start":{"line":14,"column":4},"end":{"line":17,"column":26}},{"start":{"line":17,"column":30},"end":{"line":17,"column":40}}],"line":14},"1":{"loc":{"start":{"line":20,"column":4},"end":{"line":22,"column":5}},"type":"if","locations":[{"start":{"line":20,"column":4},"end":{"line":22,"column":5}},{"start":{"line":20,"column":4},"end":{"line":22,"column":5}}],"line":20},"2":{"loc":{"start":{"line":28,"column":4},"end":{"line":45,"column":5}},"type":"if","locations":[{"start":{"line":28,"column":4},"end":{"line":45,"column":5}},{"start":{"line":28,"column":4},"end":{"line":45,"column":5}}],"line":28},"3":{"loc":{"start":{"line":30,"column":6},"end":{"line":36,"column":7}},"type":"if","locations":[{"start":{"line":30,"column":6},"end":{"line":36,"column":7}},{"start":{"line":30,"column":6},"end":{"line":36,"column":7}}],"line":30},"4":{"loc":{"start":{"line":37,"column":11},"end":{"line":45,"column":5}},"type":"if","locations":[{"start":{"line":37,"column":11},"end":{"line":45,"column":5}},{"start":{"line":37,"column":11},"end":{"line":45,"column":5}}],"line":37},"5":{"loc":{"start":{"line":39,"column":6},"end":{"line":44,"column":7}},"type":"if","locations":[{"start":{"line":39,"column":6},"end":{"line":44,"column":7}},{"start":{"line":39,"column":6},"end":{"line":44,"column":7}}],"line":39}},"s":{"0":0,"1":0,"2":0,"3":0,"4":0,"5":0,"6":0,"7":0,"8":0,"9":0,"10":0,"11":0,"12":0,"13":0,"14":0,"15":0,"16":0,"17":0,"18":0,"19":0,"20":0},"f":{"0":0,"1":0,"2":0,"3":0,"4":0},"b":{"0":[0,0],"1":[0,0],"2":[0,0],"3":[0,0],"4":[0,0],"5":[0,0]}}
,"/Users/rindo/Desktop/test/wednesday-challenge/app/components/T/index.js": {"path":"/Users/rindo/Desktop/test/wednesday-challenge/app/components/T/index.js","statementMap":{"0":{"start":{"line":14,"column":19},"end":{"line":19,"column":1}},"1":{"start":{"line":16,"column":17},"end":{"line":16,"column":80}},"2":{"start":{"line":17,"column":17},"end":{"line":17,"column":29}},"3":{"start":{"line":20,"column":21},"end":{"line":20,"column":81}},"4":{"start":{"line":20,"column":32},"end":{"line":20,"column":80}},"5":{"start":{"line":21,"column":17},"end":{"line":31,"column":1}},"6":{"start":{"line":24,"column":2},"end":{"line":30,"column":4}},"7":{"start":{"line":33,"column":0},"end":{"line":39,"column":2}},"8":{"start":{"line":41,"column":0},"end":{"line":44,"column":2}},"9":{"start":{"line":46,"column":22},"end":{"line":46,"column":29}}},"fnMap":{"0":{"name":"(anonymous_0)","decl":{"start":{"line":16,"column":6},"end":{"line":16,"column":7}},"loc":{"start":{"line":16,"column":17},"end":{"line":16,"column":80}},"line":16},"1":{"name":"(anonymous_1)","decl":{"start":{"line":17,"column":6},"end":{"line":17,"column":7}},"loc":{"start":{"line":17,"column":17},"end":{"line":17,"column":29}},"line":17},"2":{"name":"(anonymous_2)","decl":{"start":{"line":20,"column":21},"end":{"line":20,"column":22}},"loc":{"start":{"line":20,"column":32},"end":{"line":20,"column":80}},"line":20},"3":{"name":"(anonymous_3)","decl":{"start":{"line":20,"column":72},"end":{"line":20,"column":73}},"loc":{"start":{"line":20,"column":78},"end":{"line":20,"column":80}},"line":20},"4":{"name":"(anonymous_4)","decl":{"start":{"line":21,"column":17},"end":{"line":21,"column":18}},"loc":{"start":{"line":21,"column":78},"end":{"line":31,"column":1}},"line":21}},"branchMap":{"0":{"loc":{"start":{"line":16,"column":17},"end":{"line":16,"column":80}},"type":"binary-expr","locations":[{"start":{"line":16,"column":17},"end":{"line":16,"column":35}},{"start":{"line":16,"column":39},"end":{"line":16,"column":80}}],"line":16},"1":{"loc":{"start":{"line":20,"column":32},"end":{"line":20,"column":80}},"type":"cond-expr","locations":[{"start":{"line":20,"column":52},"end":{"line":20,"column":69}},{"start":{"line":20,"column":72},"end":{"line":20,"column":80}}],"line":20}},"s":{"0":5,"1":19,"2":19,"3":5,"4":20,"5":5,"6":20,"7":5,"8":5,"9":5},"f":{"0":19,"1":19,"2":20,"3":1,"4":20},"b":{"0":[19,4],"1":[18,2]},"_coverageSchema":"1a1c01bbd47fc00a2c39e90264f33305004495a9","hash":"80c98fe5b7b72ca0702e94d077bfb4f953eb7161"}
,"/Users/rindo/Desktop/test/wednesday-challenge/app/containers/App/index.js": {"path":"/Users/rindo/Desktop/test/wednesday-challenge/app/containers/App/index.js","statementMap":{"0":{"start":{"line":24,"column":14},"end":{"line":27,"column":1}},"1":{"start":{"line":30,"column":2},"end":{"line":58,"column":4}},"2":{"start":{"line":35,"column":38},"end":{"line":35,"column":59}},"3":{"start":{"line":38,"column":30},"end":{"line":38,"column":61}},"4":{"start":{"line":39,"column":12},"end":{"line":52,"column":14}},"5":{"start":{"line":45,"column":39},"end":{"line":48,"column":19}},"6":{"start":{"line":49,"column":18},"end":{"line":49,"column":57}},"7":{"start":{"line":60,"column":0},"end":{"line":62,"column":2}}},"fnMap":{"0":{"name":"App","decl":{"start":{"line":29,"column":16},"end":{"line":29,"column":19}},"loc":{"start":{"line":29,"column":34},"end":{"line":59,"column":1}},"line":29},"1":{"name":"(anonymous_1)","decl":{"start":{"line":35,"column":27},"end":{"line":35,"column":28}},"loc":{"start":{"line":35,"column":38},"end":{"line":35,"column":59}},"line":35},"2":{"name":"(anonymous_2)","decl":{"start":{"line":37,"column":22},"end":{"line":37,"column":23}},"loc":{"start":{"line":37,"column":43},"end":{"line":53,"column":11}},"line":37},"3":{"name":"(anonymous_3)","decl":{"start":{"line":44,"column":24},"end":{"line":44,"column":25}},"loc":{"start":{"line":44,"column":35},"end":{"line":50,"column":17}},"line":44}},"branchMap":{},"s":{"0":1,"1":1,"2":1,"3":2,"4":2,"5":1,"6":1,"7":1},"f":{"0":1,"1":1,"2":2,"3":1},"b":{},"_coverageSchema":"1a1c01bbd47fc00a2c39e90264f33305004495a9","hash":"4074cc0dbeef8ba4847c86f8138d4af374106472"}
,"/Users/rindo/Desktop/test/wednesday-challenge/app/containers/App/selectors.js": {"path":"/Users/rindo/Desktop/test/wednesday-challenge/app/containers/App/selectors.js","statementMap":{"0":{"start":{"line":3,"column":21},"end":{"line":3,"column":44}},"1":{"start":{"line":3,"column":32},"end":{"line":3,"column":44}},"2":{"start":{"line":5,"column":27},"end":{"line":5,"column":100}},"3":{"start":{"line":5,"column":33},"end":{"line":5,"column":100}},"4":{"start":{"line":5,"column":79},"end":{"line":5,"column":99}}},"fnMap":{"0":{"name":"(anonymous_0)","decl":{"start":{"line":3,"column":21},"end":{"line":3,"column":22}},"loc":{"start":{"line":3,"column":32},"end":{"line":3,"column":44}},"line":3},"1":{"name":"(anonymous_1)","decl":{"start":{"line":5,"column":27},"end":{"line":5,"column":28}},"loc":{"start":{"line":5,"column":33},"end":{"line":5,"column":100}},"line":5},"2":{"name":"(anonymous_2)","decl":{"start":{"line":5,"column":62},"end":{"line":5,"column":63}},"loc":{"start":{"line":5,"column":79},"end":{"line":5,"column":99}},"line":5}},"branchMap":{},"s":{"0":1,"1":1,"2":1,"3":1,"4":1},"f":{"0":1,"1":1,"2":1},"b":{},"_coverageSchema":"1a1c01bbd47fc00a2c39e90264f33305004495a9","hash":"8d6d58229899d77de39a6c993ad1f760e3fedcd9"}
,"/Users/rindo/Desktop/test/wednesday-challenge/app/containers/HomeContainer/index.js": {"path":"/Users/rindo/Desktop/test/wednesday-challenge/app/containers/HomeContainer/index.js","statementMap":{"0":{"start":{"line":21,"column":19},"end":{"line":21,"column":24}},"1":{"start":{"line":23,"column":19},"end":{"line":30,"column":1}},"2":{"start":{"line":26,"column":28},"end":{"line":26,"column":42}},"3":{"start":{"line":27,"column":24},"end":{"line":27,"column":35}},"4":{"start":{"line":28,"column":17},"end":{"line":28,"column":55}},"5":{"start":{"line":31,"column":18},"end":{"line":40,"column":1}},"6":{"start":{"line":35,"column":28},"end":{"line":35,"column":42}},"7":{"start":{"line":38,"column":26},"end":{"line":38,"column":39}},"8":{"start":{"line":41,"column":21},"end":{"line":44,"column":1}},"9":{"start":{"line":55,"column":32},"end":{"line":55,"column":47}},"10":{"start":{"line":57,"column":2},"end":{"line":62,"column":19}},"11":{"start":{"line":58,"column":19},"end":{"line":58,"column":66}},"12":{"start":{"line":59,"column":4},"end":{"line":61,"column":5}},"13":{"start":{"line":60,"column":6},"end":{"line":60,"column":24}},"14":{"start":{"line":64,"column":2},"end":{"line":69,"column":9}},"15":{"start":{"line":65,"column":4},"end":{"line":68,"column":5}},"16":{"start":{"line":66,"column":6},"end":{"line":66,"column":37}},"17":{"start":{"line":67,"column":6},"end":{"line":67,"column":23}},"18":{"start":{"line":71,"column":18},"end":{"line":71,"column":30}},"19":{"start":{"line":73,"column":25},"end":{"line":81,"column":3}},"20":{"start":{"line":74,"column":4},"end":{"line":80,"column":5}},"21":{"start":{"line":75,"column":6},"end":{"line":75,"column":32}},"22":{"start":{"line":76,"column":6},"end":{"line":76,"column":23}},"23":{"start":{"line":78,"column":6},"end":{"line":78,"column":24}},"24":{"start":{"line":79,"column":6},"end":{"line":79,"column":32}},"25":{"start":{"line":82,"column":34},"end":{"line":82,"column":63}},"26":{"start":{"line":84,"column":25},"end":{"line":113,"column":3}},"27":{"start":{"line":85,"column":18},"end":{"line":85,"column":48}},"28":{"start":{"line":86,"column":23},"end":{"line":86,"column":56}},"29":{"start":{"line":88,"column":4},"end":{"line":112,"column":6}},"30":{"start":{"line":103,"column":14},"end":{"line":107,"column":27}},"31":{"start":{"line":114,"column":27},"end":{"line":129,"column":3}},"32":{"start":{"line":116,"column":4},"end":{"line":120,"column":5}},"33":{"start":{"line":117,"column":6},"end":{"line":117,"column":36}},"34":{"start":{"line":118,"column":11},"end":{"line":120,"column":5}},"35":{"start":{"line":119,"column":6},"end":{"line":119,"column":52}},"36":{"start":{"line":121,"column":4},"end":{"line":128,"column":6}},"37":{"start":{"line":130,"column":22},"end":{"line":133,"column":3}},"38":{"start":{"line":131,"column":4},"end":{"line":131,"column":28}},"39":{"start":{"line":132,"column":4},"end":{"line":132,"column":29}},"40":{"start":{"line":135,"column":2},"end":{"line":153,"column":4}},"41":{"start":{"line":146,"column":29},"end":{"line":146,"column":70}},"42":{"start":{"line":147,"column":36},"end":{"line":147,"column":71}},"43":{"start":{"line":156,"column":0},"end":{"line":170,"column":2}},"44":{"start":{"line":172,"column":0},"end":{"line":177,"column":2}},"45":{"start":{"line":179,"column":24},"end":{"line":184,"column":2}},"46":{"start":{"line":187,"column":52},"end":{"line":187,"column":73}},"47":{"start":{"line":188,"column":2},"end":{"line":191,"column":4}},"48":{"start":{"line":189,"column":40},"end":{"line":189,"column":82}},"49":{"start":{"line":190,"column":35},"end":{"line":190,"column":62}},"50":{"start":{"line":194,"column":20},"end":{"line":194,"column":64}},"51":{"start":{"line":203,"column":33},"end":{"line":203,"column":67}}},"fnMap":{"0":{"name":"(anonymous_0)","decl":{"start":{"line":26,"column":17},"end":{"line":26,"column":18}},"loc":{"start":{"line":26,"column":28},"end":{"line":26,"column":42}},"line":26},"1":{"name":"(anonymous_1)","decl":{"start":{"line":27,"column":13},"end":{"line":27,"column":14}},"loc":{"start":{"line":27,"column":24},"end":{"line":27,"column":35}},"line":27},"2":{"name":"(anonymous_2)","decl":{"start":{"line":28,"column":6},"end":{"line":28,"column":7}},"loc":{"start":{"line":28,"column":17},"end":{"line":28,"column":55}},"line":28},"3":{"name":"(anonymous_3)","decl":{"start":{"line":35,"column":17},"end":{"line":35,"column":18}},"loc":{"start":{"line":35,"column":28},"end":{"line":35,"column":42}},"line":35},"4":{"name":"(anonymous_4)","decl":{"start":{"line":38,"column":15},"end":{"line":38,"column":16}},"loc":{"start":{"line":38,"column":26},"end":{"line":38,"column":39}},"line":38},"5":{"name":"HomeContainer","decl":{"start":{"line":45,"column":16},"end":{"line":45,"column":29}},"loc":{"start":{"line":54,"column":3},"end":{"line":154,"column":1}},"line":54},"6":{"name":"(anonymous_6)","decl":{"start":{"line":57,"column":12},"end":{"line":57,"column":13}},"loc":{"start":{"line":57,"column":18},"end":{"line":62,"column":3}},"line":57},"7":{"name":"(anonymous_7)","decl":{"start":{"line":64,"column":12},"end":{"line":64,"column":13}},"loc":{"start":{"line":64,"column":18},"end":{"line":69,"column":3}},"line":64},"8":{"name":"(anonymous_8)","decl":{"start":{"line":73,"column":25},"end":{"line":73,"column":26}},"loc":{"start":{"line":73,"column":36},"end":{"line":81,"column":3}},"line":73},"9":{"name":"(anonymous_9)","decl":{"start":{"line":84,"column":25},"end":{"line":84,"column":26}},"loc":{"start":{"line":84,"column":31},"end":{"line":113,"column":3}},"line":84},"10":{"name":"(anonymous_10)","decl":{"start":{"line":102,"column":24},"end":{"line":102,"column":25}},"loc":{"start":{"line":103,"column":14},"end":{"line":107,"column":27}},"line":103},"11":{"name":"(anonymous_11)","decl":{"start":{"line":114,"column":27},"end":{"line":114,"column":28}},"loc":{"start":{"line":114,"column":33},"end":{"line":129,"column":3}},"line":114},"12":{"name":"(anonymous_12)","decl":{"start":{"line":130,"column":22},"end":{"line":130,"column":23}},"loc":{"start":{"line":130,"column":28},"end":{"line":133,"column":3}},"line":130},"13":{"name":"(anonymous_13)","decl":{"start":{"line":146,"column":20},"end":{"line":146,"column":21}},"loc":{"start":{"line":146,"column":29},"end":{"line":146,"column":70}},"line":146},"14":{"name":"(anonymous_14)","decl":{"start":{"line":147,"column":20},"end":{"line":147,"column":21}},"loc":{"start":{"line":147,"column":36},"end":{"line":147,"column":71}},"line":147},"15":{"name":"mapDispatchToProps","decl":{"start":{"line":186,"column":9},"end":{"line":186,"column":27}},"loc":{"start":{"line":186,"column":38},"end":{"line":192,"column":1}},"line":186},"16":{"name":"(anonymous_16)","decl":{"start":{"line":189,"column":24},"end":{"line":189,"column":25}},"loc":{"start":{"line":189,"column":40},"end":{"line":189,"column":82}},"line":189},"17":{"name":"(anonymous_17)","decl":{"start":{"line":190,"column":29},"end":{"line":190,"column":30}},"loc":{"start":{"line":190,"column":35},"end":{"line":190,"column":62}},"line":190}},"branchMap":{"0":{"loc":{"start":{"line":28,"column":17},"end":{"line":28,"column":55}},"type":"binary-expr","locations":[{"start":{"line":28,"column":17},"end":{"line":28,"column":28}},{"start":{"line":28,"column":32},"end":{"line":28,"column":55}}],"line":28},"1":{"loc":{"start":{"line":58,"column":19},"end":{"line":58,"column":66}},"type":"binary-expr","locations":[{"start":{"line":58,"column":19},"end":{"line":58,"column":51}},{"start":{"line":58,"column":55},"end":{"line":58,"column":66}}],"line":58},"2":{"loc":{"start":{"line":59,"column":4},"end":{"line":61,"column":5}},"type":"if","locations":[{"start":{"line":59,"column":4},"end":{"line":61,"column":5}},{"start":{"line":59,"column":4},"end":{"line":61,"column":5}}],"line":59},"3":{"loc":{"start":{"line":59,"column":8},"end":{"line":59,"column":25}},"type":"binary-expr","locations":[{"start":{"line":59,"column":8},"end":{"line":59,"column":15}},{"start":{"line":59,"column":19},"end":{"line":59,"column":25}}],"line":59},"4":{"loc":{"start":{"line":65,"column":4},"end":{"line":68,"column":5}},"type":"if","locations":[{"start":{"line":65,"column":4},"end":{"line":68,"column":5}},{"start":{"line":65,"column":4},"end":{"line":68,"column":5}}],"line":65},"5":{"loc":{"start":{"line":65,"column":8},"end":{"line":65,"column":50}},"type":"binary-expr","locations":[{"start":{"line":65,"column":8},"end":{"line":65,"column":18}},{"start":{"line":65,"column":22},"end":{"line":65,"column":50}}],"line":65},"6":{"loc":{"start":{"line":74,"column":4},"end":{"line":80,"column":5}},"type":"if","locations":[{"start":{"line":74,"column":4},"end":{"line":80,"column":5}},{"start":{"line":74,"column":4},"end":{"line":80,"column":5}}],"line":74},"7":{"loc":{"start":{"line":89,"column":6},"end":{"line":111,"column":7}},"type":"binary-expr","locations":[{"start":{"line":89,"column":7},"end":{"line":89,"column":25}},{"start":{"line":89,"column":29},"end":{"line":89,"column":36}},{"start":{"line":90,"column":8},"end":{"line":110,"column":21}}],"line":89},"8":{"loc":{"start":{"line":92,"column":13},"end":{"line":96,"column":13}},"type":"binary-expr","locations":[{"start":{"line":92,"column":13},"end":{"line":92,"column":23}},{"start":{"line":93,"column":14},"end":{"line":95,"column":20}}],"line":92},"9":{"loc":{"start":{"line":97,"column":13},"end":{"line":101,"column":13}},"type":"binary-expr","locations":[{"start":{"line":97,"column":13},"end":{"line":97,"column":29}},{"start":{"line":98,"column":14},"end":{"line":100,"column":20}}],"line":97},"10":{"loc":{"start":{"line":116,"column":4},"end":{"line":120,"column":5}},"type":"if","locations":[{"start":{"line":116,"column":4},"end":{"line":120,"column":5}},{"start":{"line":116,"column":4},"end":{"line":120,"column":5}}],"line":116},"11":{"loc":{"start":{"line":118,"column":11},"end":{"line":120,"column":5}},"type":"if","locations":[{"start":{"line":118,"column":11},"end":{"line":120,"column":5}},{"start":{"line":118,"column":11},"end":{"line":120,"column":5}}],"line":118},"12":{"loc":{"start":{"line":122,"column":6},"end":{"line":127,"column":7}},"type":"binary-expr","locations":[{"start":{"line":122,"column":6},"end":{"line":122,"column":14}},{"start":{"line":123,"column":6},"end":{"line":123,"column":21}},{"start":{"line":124,"column":8},"end":{"line":126,"column":21}}],"line":122},"13":{"loc":{"start":{"line":124,"column":27},"end":{"line":124,"column":55}},"type":"cond-expr","locations":[{"start":{"line":124,"column":41},"end":{"line":124,"column":46}},{"start":{"line":124,"column":49},"end":{"line":124,"column":55}}],"line":124}},"s":{"0":2,"1":2,"2":12,"3":12,"4":12,"5":2,"6":6,"7":6,"8":2,"9":6,"10":6,"11":3,"12":3,"13":0,"14":6,"15":3,"16":0,"17":0,"18":6,"19":6,"20":3,"21":2,"22":2,"23":1,"24":1,"25":6,"26":6,"27":6,"28":6,"29":6,"30":0,"31":6,"32":6,"33":0,"34":6,"35":6,"36":6,"37":6,"38":0,"39":0,"40":6,"41":3,"42":0,"43":2,"44":2,"45":2,"46":0,"47":0,"48":0,"49":0,"50":2,"51":2},"f":{"0":12,"1":12,"2":12,"3":6,"4":6,"5":6,"6":3,"7":3,"8":3,"9":6,"10":0,"11":6,"12":0,"13":3,"14":0,"15":0,"16":0,"17":0},"b":{"0":[12,4],"1":[3,3],"2":[0,3],"3":[3,0],"4":[0,3],"5":[3,0],"6":[2,1],"7":[6,6,2],"8":[2,0],"9":[2,0],"10":[0,6],"11":[6,0],"12":[6,4,4],"13":[0,4]},"_coverageSchema":"1a1c01bbd47fc00a2c39e90264f33305004495a9","hash":"3727b2f2cb4b16c74344f11c9fb9a6b13b1ecb16"}
,"/Users/rindo/Desktop/test/wednesday-challenge/app/containers/HomeContainer/reducer.js": {"path":"/Users/rindo/Desktop/test/wednesday-challenge/app/containers/HomeContainer/reducer.js","statementMap":{"0":{"start":{"line":10,"column":78},"end":{"line":15,"column":2}},"1":{"start":{"line":16,"column":28},"end":{"line":16,"column":95}},"2":{"start":{"line":19,"column":36},"end":{"line":34,"column":4}},"3":{"start":{"line":20,"column":2},"end":{"line":34,"column":4}},"4":{"start":{"line":21,"column":4},"end":{"line":33,"column":5}},"5":{"start":{"line":23,"column":8},"end":{"line":23,"column":53}},"6":{"start":{"line":24,"column":8},"end":{"line":24,"column":14}},"7":{"start":{"line":26,"column":8},"end":{"line":26,"column":28}},"8":{"start":{"line":28,"column":8},"end":{"line":28,"column":43}},"9":{"start":{"line":29,"column":8},"end":{"line":29,"column":14}},"10":{"start":{"line":31,"column":8},"end":{"line":31,"column":85}},"11":{"start":{"line":32,"column":8},"end":{"line":32,"column":14}}},"fnMap":{"0":{"name":"(anonymous_0)","decl":{"start":{"line":19,"column":36},"end":{"line":19,"column":37}},"loc":{"start":{"line":20,"column":2},"end":{"line":34,"column":4}},"line":20},"1":{"name":"(anonymous_1)","decl":{"start":{"line":20,"column":17},"end":{"line":20,"column":18}},"loc":{"start":{"line":20,"column":28},"end":{"line":34,"column":3}},"line":20}},"branchMap":{"0":{"loc":{"start":{"line":19,"column":37},"end":{"line":19,"column":57}},"type":"default-arg","locations":[{"start":{"line":19,"column":45},"end":{"line":19,"column":57}}],"line":19},"1":{"loc":{"start":{"line":21,"column":4},"end":{"line":33,"column":5}},"type":"switch","locations":[{"start":{"line":22,"column":6},"end":{"line":24,"column":14}},{"start":{"line":25,"column":6},"end":{"line":26,"column":28}},{"start":{"line":27,"column":6},"end":{"line":29,"column":14}},{"start":{"line":30,"column":6},"end":{"line":32,"column":14}}],"line":21}},"s":{"0":11,"1":11,"2":11,"3":40,"4":40,"5":1,"6":1,"7":0,"8":1,"9":1,"10":1,"11":1},"f":{"0":40,"1":40},"b":{"0":[25],"1":[1,0,1,1]},"_coverageSchema":"1a1c01bbd47fc00a2c39e90264f33305004495a9","hash":"1ae6b8f5cf9719797298bd804a584a7734dcc675"}
,"/Users/rindo/Desktop/test/wednesday-challenge/app/containers/HomeContainer/saga.js": {"path":"/Users/rindo/Desktop/test/wednesday-challenge/app/containers/HomeContainer/saga.js","statementMap":{"0":{"start":{"line":5,"column":36},"end":{"line":5,"column":54}},"1":{"start":{"line":6,"column":55},"end":{"line":6,"column":76}},"2":{"start":{"line":8,"column":19},"end":{"line":8,"column":63}},"3":{"start":{"line":9,"column":23},"end":{"line":9,"column":31}},"4":{"start":{"line":10,"column":2},"end":{"line":14,"column":3}},"5":{"start":{"line":11,"column":4},"end":{"line":11,"column":42}},"6":{"start":{"line":13,"column":4},"end":{"line":13,"column":42}},"7":{"start":{"line":18,"column":2},"end":{"line":18,"column":59}}},"fnMap":{"0":{"name":"getItunesData","decl":{"start":{"line":7,"column":17},"end":{"line":7,"column":30}},"loc":{"start":{"line":7,"column":39},"end":{"line":15,"column":1}},"line":7},"1":{"name":"homeContainerSaga","decl":{"start":{"line":17,"column":25},"end":{"line":17,"column":42}},"loc":{"start":{"line":17,"column":45},"end":{"line":19,"column":1}},"line":17}},"branchMap":{"0":{"loc":{"start":{"line":10,"column":2},"end":{"line":14,"column":3}},"type":"if","locations":[{"start":{"line":10,"column":2},"end":{"line":14,"column":3}},{"start":{"line":10,"column":2},"end":{"line":14,"column":3}}],"line":10}},"s":{"0":3,"1":3,"2":2,"3":2,"4":2,"5":1,"6":1,"7":1},"f":{"0":2,"1":1},"b":{"0":[1,1]},"_coverageSchema":"1a1c01bbd47fc00a2c39e90264f33305004495a9","hash":"fe1f32673896568d8b152f2794d1b83b1e160a3f"}
,"/Users/rindo/Desktop/test/wednesday-challenge/app/containers/HomeContainer/selectors.js": {"path":"/Users/rindo/Desktop/test/wednesday-challenge/app/containers/HomeContainer/selectors.js","statementMap":{"0":{"start":{"line":9,"column":34},"end":{"line":9,"column":80}},"1":{"start":{"line":9,"column":45},"end":{"line":9,"column":80}},"2":{"start":{"line":19,"column":35},"end":{"line":19,"column":106}},"3":{"start":{"line":19,"column":41},"end":{"line":19,"column":106}},"4":{"start":{"line":19,"column":97},"end":{"line":19,"column":105}},"5":{"start":{"line":21,"column":32},"end":{"line":22,"column":90}},"6":{"start":{"line":22,"column":2},"end":{"line":22,"column":90}},"7":{"start":{"line":22,"column":58},"end":{"line":22,"column":89}},"8":{"start":{"line":24,"column":37},"end":{"line":25,"column":91}},"9":{"start":{"line":25,"column":2},"end":{"line":25,"column":91}},"10":{"start":{"line":25,"column":58},"end":{"line":25,"column":90}},"11":{"start":{"line":27,"column":36},"end":{"line":28,"column":90}},"12":{"start":{"line":28,"column":2},"end":{"line":28,"column":90}},"13":{"start":{"line":28,"column":58},"end":{"line":28,"column":89}}},"fnMap":{"0":{"name":"(anonymous_0)","decl":{"start":{"line":9,"column":34},"end":{"line":9,"column":35}},"loc":{"start":{"line":9,"column":45},"end":{"line":9,"column":80}},"line":9},"1":{"name":"(anonymous_1)","decl":{"start":{"line":19,"column":35},"end":{"line":19,"column":36}},"loc":{"start":{"line":19,"column":41},"end":{"line":19,"column":106}},"line":19},"2":{"name":"(anonymous_2)","decl":{"start":{"line":19,"column":83},"end":{"line":19,"column":84}},"loc":{"start":{"line":19,"column":97},"end":{"line":19,"column":105}},"line":19},"3":{"name":"(anonymous_3)","decl":{"start":{"line":21,"column":32},"end":{"line":21,"column":33}},"loc":{"start":{"line":22,"column":2},"end":{"line":22,"column":90}},"line":22},"4":{"name":"(anonymous_4)","decl":{"start":{"line":22,"column":44},"end":{"line":22,"column":45}},"loc":{"start":{"line":22,"column":58},"end":{"line":22,"column":89}},"line":22},"5":{"name":"(anonymous_5)","decl":{"start":{"line":24,"column":37},"end":{"line":24,"column":38}},"loc":{"start":{"line":25,"column":2},"end":{"line":25,"column":91}},"line":25},"6":{"name":"(anonymous_6)","decl":{"start":{"line":25,"column":44},"end":{"line":25,"column":45}},"loc":{"start":{"line":25,"column":58},"end":{"line":25,"column":90}},"line":25},"7":{"name":"(anonymous_7)","decl":{"start":{"line":27,"column":36},"end":{"line":27,"column":37}},"loc":{"start":{"line":28,"column":2},"end":{"line":28,"column":90}},"line":28},"8":{"name":"(anonymous_8)","decl":{"start":{"line":28,"column":44},"end":{"line":28,"column":45}},"loc":{"start":{"line":28,"column":58},"end":{"line":28,"column":89}},"line":28}},"branchMap":{"0":{"loc":{"start":{"line":9,"column":45},"end":{"line":9,"column":80}},"type":"binary-expr","locations":[{"start":{"line":9,"column":45},"end":{"line":9,"column":64}},{"start":{"line":9,"column":68},"end":{"line":9,"column":80}}],"line":9}},"s":{"0":3,"1":4,"2":3,"3":3,"4":1,"5":3,"6":3,"7":1,"8":3,"9":3,"10":1,"11":3,"12":3,"13":1},"f":{"0":4,"1":3,"2":1,"3":3,"4":1,"5":3,"6":1,"7":3,"8":1},"b":{"0":[4,0]},"_coverageSchema":"1a1c01bbd47fc00a2c39e90264f33305004495a9","hash":"24ab0f11c16da7ae7d6dfe2922b307f9cc0be49b"}
,"/Users/rindo/Desktop/test/wednesday-challenge/app/containers/LanguageProvider/index.js": {"path":"/Users/rindo/Desktop/test/wednesday-challenge/app/containers/LanguageProvider/index.js","statementMap":{"0":{"start":{"line":18,"column":2},"end":{"line":22,"column":4}},"1":{"start":{"line":25,"column":0},"end":{"line":29,"column":2}},"2":{"start":{"line":31,"column":24},"end":{"line":33,"column":3}},"3":{"start":{"line":31,"column":72},"end":{"line":33,"column":1}},"4":{"start":{"line":36,"column":2},"end":{"line":38,"column":4}}},"fnMap":{"0":{"name":"LanguageProvider","decl":{"start":{"line":17,"column":16},"end":{"line":17,"column":32}},"loc":{"start":{"line":17,"column":40},"end":{"line":23,"column":1}},"line":17},"1":{"name":"(anonymous_1)","decl":{"start":{"line":31,"column":59},"end":{"line":31,"column":60}},"loc":{"start":{"line":31,"column":72},"end":{"line":33,"column":1}},"line":31},"2":{"name":"mapDispatchToProps","decl":{"start":{"line":35,"column":9},"end":{"line":35,"column":27}},"loc":{"start":{"line":35,"column":38},"end":{"line":39,"column":1}},"line":35}},"branchMap":{},"s":{"0":6,"1":8,"2":8,"3":2,"4":4},"f":{"0":6,"1":2,"2":4},"b":{},"_coverageSchema":"1a1c01bbd47fc00a2c39e90264f33305004495a9","hash":"619d2183172ddd726087f6131bb7a4c5763571d4"}
,"/Users/rindo/Desktop/test/wednesday-challenge/app/containers/LanguageProvider/reducer.js": {"path":"/Users/rindo/Desktop/test/wednesday-challenge/app/containers/LanguageProvider/reducer.js","statementMap":{"0":{"start":{"line":10,"column":83},"end":{"line":12,"column":2}},"1":{"start":{"line":14,"column":28},"end":{"line":16,"column":1}},"2":{"start":{"line":19,"column":39},"end":{"line":26,"column":4}},"3":{"start":{"line":20,"column":2},"end":{"line":26,"column":4}},"4":{"start":{"line":21,"column":4},"end":{"line":25,"column":5}},"5":{"start":{"line":23,"column":8},"end":{"line":23,"column":37}},"6":{"start":{"line":24,"column":8},"end":{"line":24,"column":14}}},"fnMap":{"0":{"name":"(anonymous_0)","decl":{"start":{"line":19,"column":39},"end":{"line":19,"column":40}},"loc":{"start":{"line":20,"column":2},"end":{"line":26,"column":4}},"line":20},"1":{"name":"(anonymous_1)","decl":{"start":{"line":20,"column":17},"end":{"line":20,"column":18}},"loc":{"start":{"line":20,"column":28},"end":{"line":26,"column":3}},"line":20}},"branchMap":{"0":{"loc":{"start":{"line":19,"column":40},"end":{"line":19,"column":60}},"type":"default-arg","locations":[{"start":{"line":19,"column":48},"end":{"line":19,"column":60}}],"line":19},"1":{"loc":{"start":{"line":21,"column":4},"end":{"line":25,"column":5}},"type":"switch","locations":[{"start":{"line":22,"column":6},"end":{"line":24,"column":14}}],"line":21}},"s":{"0":11,"1":11,"2":11,"3":38,"4":38,"5":1,"6":1},"f":{"0":38,"1":38},"b":{"0":[26],"1":[1]},"_coverageSchema":"1a1c01bbd47fc00a2c39e90264f33305004495a9","hash":"a7dadfb600b5cb1db975d8332094b7f9218ea559"}
,"/Users/rindo/Desktop/test/wednesday-challenge/app/containers/LanguageProvider/selectors.js": {"path":"/Users/rindo/Desktop/test/wednesday-challenge/app/containers/LanguageProvider/selectors.js","statementMap":{"0":{"start":{"line":7,"column":23},"end":{"line":7,"column":64}},"1":{"start":{"line":7,"column":34},"end":{"line":7,"column":64}},"2":{"start":{"line":13,"column":25},"end":{"line":13,"column":102}},"3":{"start":{"line":13,"column":31},"end":{"line":13,"column":102}},"4":{"start":{"line":13,"column":81},"end":{"line":13,"column":101}}},"fnMap":{"0":{"name":"(anonymous_0)","decl":{"start":{"line":7,"column":23},"end":{"line":7,"column":24}},"loc":{"start":{"line":7,"column":34},"end":{"line":7,"column":64}},"line":7},"1":{"name":"(anonymous_1)","decl":{"start":{"line":13,"column":25},"end":{"line":13,"column":26}},"loc":{"start":{"line":13,"column":31},"end":{"line":13,"column":102}},"line":13},"2":{"name":"(anonymous_2)","decl":{"start":{"line":13,"column":62},"end":{"line":13,"column":63}},"loc":{"start":{"line":13,"column":81},"end":{"line":13,"column":101}},"line":13}},"branchMap":{"0":{"loc":{"start":{"line":7,"column":34},"end":{"line":7,"column":64}},"type":"binary-expr","locations":[{"start":{"line":7,"column":34},"end":{"line":7,"column":48}},{"start":{"line":7,"column":52},"end":{"line":7,"column":64}}],"line":7}},"s":{"0":9,"1":8,"2":9,"3":8,"4":3},"f":{"0":8,"1":8,"2":3},"b":{"0":[8,0]},"_coverageSchema":"1a1c01bbd47fc00a2c39e90264f33305004495a9","hash":"57720e0cb892b3ed60439afc9cbc43a3424a3b06"}
,"/Users/rindo/Desktop/test/wednesday-challenge/app/containers/NotFoundPage/index.js": {"path":"/Users/rindo/Desktop/test/wednesday-challenge/app/containers/NotFoundPage/index.js","statementMap":{"0":{"start":{"line":14,"column":2},"end":{"line":18,"column":4}}},"fnMap":{"0":{"name":"NotFound","decl":{"start":{"line":13,"column":24},"end":{"line":13,"column":32}},"loc":{"start":{"line":13,"column":35},"end":{"line":19,"column":1}},"line":13}},"branchMap":{},"s":{"0":1},"f":{"0":1},"b":{},"_coverageSchema":"1a1c01bbd47fc00a2c39e90264f33305004495a9","hash":"90e9aba31c92ca55431d0965f3b049ffd2dd28ce"}
,"/Users/rindo/Desktop/test/wednesday-challenge/app/containers/NotFoundPage/messages.js": {"path":"/Users/rindo/Desktop/test/wednesday-challenge/app/containers/NotFoundPage/messages.js","statementMap":{"0":{"start":{"line":8,"column":21},"end":{"line":8,"column":50}}},"fnMap":{},"branchMap":{},"s":{"0":1},"f":{},"b":{},"_coverageSchema":"1a1c01bbd47fc00a2c39e90264f33305004495a9","hash":"658b398eea055e2416175a272699714849ca76e8"}
,"/Users/rindo/Desktop/test/wednesday-challenge/app/services/iTunesApi.js": {"path":"/Users/rindo/Desktop/test/wednesday-challenge/app/services/iTunesApi.js","statementMap":{"0":{"start":{"line":2,"column":18},"end":{"line":2,"column":45}},"1":{"start":{"line":4,"column":25},"end":{"line":4,"column":84}},"2":{"start":{"line":4,"column":41},"end":{"line":4,"column":84}}},"fnMap":{"0":{"name":"(anonymous_0)","decl":{"start":{"line":4,"column":25},"end":{"line":4,"column":26}},"loc":{"start":{"line":4,"column":41},"end":{"line":4,"column":84}},"line":4}},"branchMap":{},"s":{"0":4,"1":4,"2":1},"f":{"0":1},"b":{},"_coverageSchema":"1a1c01bbd47fc00a2c39e90264f33305004495a9","hash":"3b5440a90807018f73573e581c677fe33746757e"}
,"/Users/rindo/Desktop/test/wednesday-challenge/app/themes/colors.js": {"path":"/Users/rindo/Desktop/test/wednesday-challenge/app/themes/colors.js","statementMap":{"0":{"start":{"line":8,"column":16},"end":{"line":8,"column":25}},"1":{"start":{"line":9,"column":13},"end":{"line":9,"column":22}},"2":{"start":{"line":10,"column":18},"end":{"line":10,"column":27}},"3":{"start":{"line":11,"column":16},"end":{"line":11,"column":25}},"4":{"start":{"line":12,"column":14},"end":{"line":12,"column":23}},"5":{"start":{"line":14,"column":15},"end":{"line":32,"column":1}},"6":{"start":{"line":33,"column":0},"end":{"line":33,"column":24}}},"fnMap":{},"branchMap":{},"s":{"0":6,"1":6,"2":6,"3":6,"4":6,"5":6,"6":6},"f":{},"b":{},"_coverageSchema":"1a1c01bbd47fc00a2c39e90264f33305004495a9","hash":"f31dcbec483d50a905cff5ba7b9d7c491b2ea37d"}
,"/Users/rindo/Desktop/test/wednesday-challenge/app/themes/fonts.js": {"path":"/Users/rindo/Desktop/test/wednesday-challenge/app/themes/fonts.js","statementMap":{"0":{"start":{"line":5,"column":24},"end":{"line":17,"column":1}},"1":{"start":{"line":5,"column":69},"end":{"line":17,"column":1}},"2":{"start":{"line":18,"column":16},"end":{"line":20,"column":1}},"3":{"start":{"line":18,"column":22},"end":{"line":20,"column":1}},"4":{"start":{"line":22,"column":17},"end":{"line":24,"column":1}},"5":{"start":{"line":22,"column":23},"end":{"line":24,"column":1}},"6":{"start":{"line":25,"column":14},"end":{"line":27,"column":1}},"7":{"start":{"line":25,"column":20},"end":{"line":27,"column":1}},"8":{"start":{"line":28,"column":12},"end":{"line":30,"column":1}},"9":{"start":{"line":28,"column":18},"end":{"line":30,"column":1}},"10":{"start":{"line":31,"column":14},"end":{"line":33,"column":1}},"11":{"start":{"line":31,"column":20},"end":{"line":33,"column":1}},"12":{"start":{"line":34,"column":19},"end":{"line":36,"column":1}},"13":{"start":{"line":34,"column":25},"end":{"line":36,"column":1}},"14":{"start":{"line":39,"column":14},"end":{"line":41,"column":1}},"15":{"start":{"line":39,"column":20},"end":{"line":41,"column":1}},"16":{"start":{"line":42,"column":13},"end":{"line":44,"column":1}},"17":{"start":{"line":42,"column":19},"end":{"line":44,"column":1}},"18":{"start":{"line":46,"column":15},"end":{"line":48,"column":1}},"19":{"start":{"line":46,"column":21},"end":{"line":48,"column":1}},"20":{"start":{"line":51,"column":16},"end":{"line":54,"column":1}},"21":{"start":{"line":51,"column":22},"end":{"line":54,"column":1}},"22":{"start":{"line":56,"column":19},"end":{"line":59,"column":1}},"23":{"start":{"line":56,"column":25},"end":{"line":59,"column":1}},"24":{"start":{"line":61,"column":17},"end":{"line":64,"column":1}},"25":{"start":{"line":61,"column":23},"end":{"line":64,"column":1}},"26":{"start":{"line":66,"column":16},"end":{"line":69,"column":1}},"27":{"start":{"line":66,"column":22},"end":{"line":69,"column":1}}},"fnMap":{"0":{"name":"(anonymous_0)","decl":{"start":{"line":5,"column":24},"end":{"line":5,"column":25}},"loc":{"start":{"line":5,"column":69},"end":{"line":17,"column":1}},"line":5},"1":{"name":"(anonymous_1)","decl":{"start":{"line":18,"column":16},"end":{"line":18,"column":17}},"loc":{"start":{"line":18,"column":22},"end":{"line":20,"column":1}},"line":18},"2":{"name":"(anonymous_2)","decl":{"start":{"line":22,"column":17},"end":{"line":22,"column":18}},"loc":{"start":{"line":22,"column":23},"end":{"line":24,"column":1}},"line":22},"3":{"name":"(anonymous_3)","decl":{"start":{"line":25,"column":14},"end":{"line":25,"column":15}},"loc":{"start":{"line":25,"column":20},"end":{"line":27,"column":1}},"line":25},"4":{"name":"(anonymous_4)","decl":{"start":{"line":28,"column":12},"end":{"line":28,"column":13}},"loc":{"start":{"line":28,"column":18},"end":{"line":30,"column":1}},"line":28},"5":{"name":"(anonymous_5)","decl":{"start":{"line":31,"column":14},"end":{"line":31,"column":15}},"loc":{"start":{"line":31,"column":20},"end":{"line":33,"column":1}},"line":31},"6":{"name":"(anonymous_6)","decl":{"start":{"line":34,"column":19},"end":{"line":34,"column":20}},"loc":{"start":{"line":34,"column":25},"end":{"line":36,"column":1}},"line":34},"7":{"name":"(anonymous_7)","decl":{"start":{"line":39,"column":14},"end":{"line":39,"column":15}},"loc":{"start":{"line":39,"column":20},"end":{"line":41,"column":1}},"line":39},"8":{"name":"(anonymous_8)","decl":{"start":{"line":42,"column":13},"end":{"line":42,"column":14}},"loc":{"start":{"line":42,"column":19},"end":{"line":44,"column":1}},"line":42},"9":{"name":"(anonymous_9)","decl":{"start":{"line":46,"column":15},"end":{"line":46,"column":16}},"loc":{"start":{"line":46,"column":21},"end":{"line":48,"column":1}},"line":46},"10":{"name":"(anonymous_10)","decl":{"start":{"line":51,"column":16},"end":{"line":51,"column":17}},"loc":{"start":{"line":51,"column":22},"end":{"line":54,"column":1}},"line":51},"11":{"name":"(anonymous_11)","decl":{"start":{"line":56,"column":19},"end":{"line":56,"column":20}},"loc":{"start":{"line":56,"column":25},"end":{"line":59,"column":1}},"line":56},"12":{"name":"(anonymous_12)","decl":{"start":{"line":61,"column":17},"end":{"line":61,"column":18}},"loc":{"start":{"line":61,"column":23},"end":{"line":64,"column":1}},"line":61},"13":{"name":"(anonymous_13)","decl":{"start":{"line":66,"column":16},"end":{"line":66,"column":17}},"loc":{"start":{"line":66,"column":22},"end":{"line":69,"column":1}},"line":66}},"branchMap":{"0":{"loc":{"start":{"line":5,"column":31},"end":{"line":5,"column":47}},"type":"default-arg","locations":[{"start":{"line":5,"column":46},"end":{"line":5,"column":47}}],"line":5},"1":{"loc":{"start":{"line":5,"column":49},"end":{"line":5,"column":64}},"type":"default-arg","locations":[{"start":{"line":5,"column":63},"end":{"line":5,"column":64}}],"line":5}},"s":{"0":6,"1":2,"2":6,"3":18,"4":6,"5":6,"6":6,"7":3,"8":6,"9":3,"10":6,"11":6,"12":6,"13":1,"14":6,"15":1,"16":6,"17":8,"18":6,"19":20,"20":6,"21":5,"22":6,"23":2,"24":6,"25":17,"26":6,"27":2},"f":{"0":2,"1":18,"2":6,"3":3,"4":3,"5":6,"6":1,"7":1,"8":8,"9":20,"10":5,"11":2,"12":17,"13":2},"b":{"0":[0],"1":[0]},"_coverageSchema":"1a1c01bbd47fc00a2c39e90264f33305004495a9","hash":"ecfe3fc4b2e494ad84385b52013d98de1239d9d3"}
,"/Users/rindo/Desktop/test/wednesday-challenge/app/themes/media.js": {"path":"/Users/rindo/Desktop/test/wednesday-challenge/app/themes/media.js","statementMap":{"0":{"start":{"line":2,"column":20},"end":{"line":6,"column":1}},"1":{"start":{"line":7,"column":14},"end":{"line":11,"column":1}},"2":{"start":{"line":14,"column":2},"end":{"line":31,"column":4}},"3":{"start":{"line":16,"column":6},"end":{"line":22,"column":25}},"4":{"start":{"line":24,"column":6},"end":{"line":30,"column":25}},"5":{"start":{"line":32,"column":2},"end":{"line":32,"column":13}}},"fnMap":{"0":{"name":"(anonymous_0)","decl":{"start":{"line":13,"column":41},"end":{"line":13,"column":42}},"loc":{"start":{"line":13,"column":57},"end":{"line":33,"column":1}},"line":13},"1":{"name":"(anonymous_1)","decl":{"start":{"line":15,"column":9},"end":{"line":15,"column":10}},"loc":{"start":{"line":16,"column":6},"end":{"line":22,"column":25}},"line":16},"2":{"name":"(anonymous_2)","decl":{"start":{"line":23,"column":9},"end":{"line":23,"column":10}},"loc":{"start":{"line":24,"column":6},"end":{"line":30,"column":25}},"line":24}},"branchMap":{},"s":{"0":6,"1":6,"2":18,"3":4,"4":0,"5":18},"f":{"0":18,"1":4,"2":0},"b":{},"_coverageSchema":"1a1c01bbd47fc00a2c39e90264f33305004495a9","hash":"f99df4f9c8f39a958996090f197e449a2612ecc9"}
,"/Users/rindo/Desktop/test/wednesday-challenge/app/themes/styles.js": {"path":"/Users/rindo/Desktop/test/wednesday-challenge/app/themes/styles.js","statementMap":{"0":{"start":{"line":4,"column":22},"end":{"line":21,"column":1}},"1":{"start":{"line":12,"column":5},"end":{"line":21,"column":1}},"2":{"start":{"line":23,"column":12},"end":{"line":27,"column":1}},"3":{"start":{"line":23,"column":18},"end":{"line":27,"column":1}},"4":{"start":{"line":28,"column":15},"end":{"line":32,"column":1}},"5":{"start":{"line":28,"column":21},"end":{"line":32,"column":1}},"6":{"start":{"line":34,"column":18},"end":{"line":36,"column":1}},"7":{"start":{"line":34,"column":24},"end":{"line":36,"column":1}},"8":{"start":{"line":38,"column":23},"end":{"line":40,"column":1}},"9":{"start":{"line":38,"column":29},"end":{"line":40,"column":1}},"10":{"start":{"line":42,"column":15},"end":{"line":44,"column":1}},"11":{"start":{"line":42,"column":31},"end":{"line":44,"column":1}},"12":{"start":{"line":46,"column":12},"end":{"line":49,"column":3}},"13":{"start":{"line":47,"column":2},"end":{"line":49,"column":3}},"14":{"start":{"line":51,"column":15},"end":{"line":54,"column":3}},"15":{"start":{"line":52,"column":2},"end":{"line":54,"column":3}},"16":{"start":{"line":56,"column":13},"end":{"line":59,"column":3}},"17":{"start":{"line":57,"column":2},"end":{"line":59,"column":3}},"18":{"start":{"line":61,"column":14},"end":{"line":64,"column":3}},"19":{"start":{"line":62,"column":2},"end":{"line":64,"column":3}},"20":{"start":{"line":66,"column":17},"end":{"line":69,"column":1}},"21":{"start":{"line":66,"column":41},"end":{"line":69,"column":1}},"22":{"start":{"line":71,"column":19},"end":{"line":74,"column":1}},"23":{"start":{"line":71,"column":45},"end":{"line":74,"column":1}},"24":{"start":{"line":76,"column":27},"end":{"line":79,"column":1}},"25":{"start":{"line":76,"column":49},"end":{"line":79,"column":1}},"26":{"start":{"line":81,"column":24},"end":{"line":84,"column":1}},"27":{"start":{"line":81,"column":43},"end":{"line":84,"column":1}},"28":{"start":{"line":86,"column":21},"end":{"line":89,"column":3}},"29":{"start":{"line":87,"column":2},"end":{"line":89,"column":3}},"30":{"start":{"line":91,"column":25},"end":{"line":95,"column":3}},"31":{"start":{"line":92,"column":2},"end":{"line":95,"column":3}},"32":{"start":{"line":97,"column":18},"end":{"line":100,"column":3}},"33":{"start":{"line":98,"column":2},"end":{"line":100,"column":3}},"34":{"start":{"line":102,"column":31},"end":{"line":105,"column":3}},"35":{"start":{"line":103,"column":2},"end":{"line":105,"column":3}},"36":{"start":{"line":107,"column":15},"end":{"line":111,"column":1}},"37":{"start":{"line":108,"column":2},"end":{"line":110,"column":4}},"38":{"start":{"line":112,"column":21},"end":{"line":117,"column":1}},"39":{"start":{"line":112,"column":42},"end":{"line":117,"column":1}}},"fnMap":{"0":{"name":"(anonymous_0)","decl":{"start":{"line":4,"column":22},"end":{"line":4,"column":23}},"loc":{"start":{"line":12,"column":5},"end":{"line":21,"column":1}},"line":12},"1":{"name":"(anonymous_1)","decl":{"start":{"line":23,"column":12},"end":{"line":23,"column":13}},"loc":{"start":{"line":23,"column":18},"end":{"line":27,"column":1}},"line":23},"2":{"name":"(anonymous_2)","decl":{"start":{"line":28,"column":15},"end":{"line":28,"column":16}},"loc":{"start":{"line":28,"column":21},"end":{"line":32,"column":1}},"line":28},"3":{"name":"(anonymous_3)","decl":{"start":{"line":34,"column":18},"end":{"line":34,"column":19}},"loc":{"start":{"line":34,"column":24},"end":{"line":36,"column":1}},"line":34},"4":{"name":"(anonymous_4)","decl":{"start":{"line":38,"column":23},"end":{"line":38,"column":24}},"loc":{"start":{"line":38,"column":29},"end":{"line":40,"column":1}},"line":38},"5":{"name":"(anonymous_5)","decl":{"start":{"line":42,"column":15},"end":{"line":42,"column":16}},"loc":{"start":{"line":42,"column":31},"end":{"line":44,"column":1}},"line":42},"6":{"name":"(anonymous_6)","decl":{"start":{"line":46,"column":12},"end":{"line":46,"column":13}},"loc":{"start":{"line":47,"column":2},"end":{"line":49,"column":3}},"line":47},"7":{"name":"(anonymous_7)","decl":{"start":{"line":51,"column":15},"end":{"line":51,"column":16}},"loc":{"start":{"line":52,"column":2},"end":{"line":54,"column":3}},"line":52},"8":{"name":"(anonymous_8)","decl":{"start":{"line":56,"column":13},"end":{"line":56,"column":14}},"loc":{"start":{"line":57,"column":2},"end":{"line":59,"column":3}},"line":57},"9":{"name":"(anonymous_9)","decl":{"start":{"line":61,"column":14},"end":{"line":61,"column":15}},"loc":{"start":{"line":62,"column":2},"end":{"line":64,"column":3}},"line":62},"10":{"name":"(anonymous_10)","decl":{"start":{"line":66,"column":17},"end":{"line":66,"column":18}},"loc":{"start":{"line":66,"column":41},"end":{"line":69,"column":1}},"line":66},"11":{"name":"(anonymous_11)","decl":{"start":{"line":71,"column":19},"end":{"line":71,"column":20}},"loc":{"start":{"line":71,"column":45},"end":{"line":74,"column":1}},"line":71},"12":{"name":"(anonymous_12)","decl":{"start":{"line":76,"column":27},"end":{"line":76,"column":28}},"loc":{"start":{"line":76,"column":49},"end":{"line":79,"column":1}},"line":76},"13":{"name":"(anonymous_13)","decl":{"start":{"line":81,"column":24},"end":{"line":81,"column":25}},"loc":{"start":{"line":81,"column":43},"end":{"line":84,"column":1}},"line":81},"14":{"name":"(anonymous_14)","decl":{"start":{"line":86,"column":21},"end":{"line":86,"column":22}},"loc":{"start":{"line":87,"column":2},"end":{"line":89,"column":3}},"line":87},"15":{"name":"(anonymous_15)","decl":{"start":{"line":91,"column":25},"end":{"line":91,"column":26}},"loc":{"start":{"line":92,"column":2},"end":{"line":95,"column":3}},"line":92},"16":{"name":"(anonymous_16)","decl":{"start":{"line":97,"column":18},"end":{"line":97,"column":19}},"loc":{"start":{"line":98,"column":2},"end":{"line":100,"column":3}},"line":98},"17":{"name":"(anonymous_17)","decl":{"start":{"line":102,"column":31},"end":{"line":102,"column":32}},"loc":{"start":{"line":103,"column":2},"end":{"line":105,"column":3}},"line":103},"18":{"name":"(anonymous_18)","decl":{"start":{"line":107,"column":15},"end":{"line":107,"column":16}},"loc":{"start":{"line":107,"column":26},"end":{"line":111,"column":1}},"line":107},"19":{"name":"(anonymous_19)","decl":{"start":{"line":112,"column":21},"end":{"line":112,"column":22}},"loc":{"start":{"line":112,"column":42},"end":{"line":117,"column":1}},"line":112}},"branchMap":{"0":{"loc":{"start":{"line":5,"column":2},"end":{"line":5,"column":19}},"type":"default-arg","locations":[{"start":{"line":5,"column":14},"end":{"line":5,"column":19}}],"line":5},"1":{"loc":{"start":{"line":6,"column":2},"end":{"line":6,"column":27}},"type":"default-arg","locations":[{"start":{"line":6,"column":19},"end":{"line":6,"column":27}}],"line":6},"2":{"loc":{"start":{"line":7,"column":2},"end":{"line":7,"column":23}},"type":"default-arg","locations":[{"start":{"line":7,"column":15},"end":{"line":7,"column":23}}],"line":7},"3":{"loc":{"start":{"line":8,"column":2},"end":{"line":8,"column":25}},"type":"default-arg","locations":[{"start":{"line":8,"column":17},"end":{"line":8,"column":25}}],"line":8},"4":{"loc":{"start":{"line":9,"column":2},"end":{"line":9,"column":15}},"type":"default-arg","locations":[{"start":{"line":9,"column":14},"end":{"line":9,"column":15}}],"line":9},"5":{"loc":{"start":{"line":10,"column":2},"end":{"line":10,"column":14}},"type":"default-arg","locations":[{"start":{"line":10,"column":13},"end":{"line":10,"column":14}}],"line":10},"6":{"loc":{"start":{"line":11,"column":2},"end":{"line":11,"column":16}},"type":"default-arg","locations":[{"start":{"line":11,"column":15},"end":{"line":11,"column":16}}],"line":11},"7":{"loc":{"start":{"line":13,"column":4},"end":{"line":13,"column":42}},"type":"cond-expr","locations":[{"start":{"line":13,"column":26},"end":{"line":13,"column":31}},{"start":{"line":13,"column":34},"end":{"line":13,"column":42}}],"line":13},"8":{"loc":{"start":{"line":42,"column":16},"end":{"line":42,"column":26}},"type":"default-arg","locations":[{"start":{"line":42,"column":25},"end":{"line":42,"column":26}}],"line":42},"9":{"loc":{"start":{"line":46,"column":13},"end":{"line":46,"column":26}},"type":"default-arg","locations":[{"start":{"line":46,"column":25},"end":{"line":46,"column":26}}],"line":46},"10":{"loc":{"start":{"line":51,"column":16},"end":{"line":51,"column":32}},"type":"default-arg","locations":[{"start":{"line":51,"column":31},"end":{"line":51,"column":32}}],"line":51},"11":{"loc":{"start":{"line":56,"column":14},"end":{"line":56,"column":28}},"type":"default-arg","locations":[{"start":{"line":56,"column":27},"end":{"line":56,"column":28}}],"line":56},"12":{"loc":{"start":{"line":61,"column":15},"end":{"line":61,"column":30}},"type":"default-arg","locations":[{"start":{"line":61,"column":29},"end":{"line":61,"column":30}}],"line":61},"13":{"loc":{"start":{"line":66,"column":18},"end":{"line":66,"column":36}},"type":"default-arg","locations":[{"start":{"line":66,"column":35},"end":{"line":66,"column":36}}],"line":66},"14":{"loc":{"start":{"line":71,"column":20},"end":{"line":71,"column":40}},"type":"default-arg","locations":[{"start":{"line":71,"column":39},"end":{"line":71,"column":40}}],"line":71},"15":{"loc":{"start":{"line":76,"column":28},"end":{"line":76,"column":44}},"type":"default-arg","locations":[{"start":{"line":76,"column":43},"end":{"line":76,"column":44}}],"line":76},"16":{"loc":{"start":{"line":81,"column":25},"end":{"line":81,"column":38}},"type":"default-arg","locations":[{"start":{"line":81,"column":37},"end":{"line":81,"column":38}}],"line":81},"17":{"loc":{"start":{"line":88,"column":33},"end":{"line":88,"column":72}},"type":"cond-expr","locations":[{"start":{"line":88,"column":62},"end":{"line":88,"column":65}},{"start":{"line":88,"column":68},"end":{"line":88,"column":72}}],"line":88},"18":{"loc":{"start":{"line":91,"column":26},"end":{"line":91,"column":35}},"type":"default-arg","locations":[{"start":{"line":91,"column":34},"end":{"line":91,"column":35}}],"line":91},"19":{"loc":{"start":{"line":91,"column":37},"end":{"line":91,"column":51}},"type":"default-arg","locations":[{"start":{"line":91,"column":44},"end":{"line":91,"column":51}}],"line":91},"20":{"loc":{"start":{"line":91,"column":53},"end":{"line":91,"column":67}},"type":"default-arg","locations":[{"start":{"line":91,"column":61},"end":{"line":91,"column":67}}],"line":91},"21":{"loc":{"start":{"line":91,"column":69},"end":{"line":91,"column":79}},"type":"default-arg","locations":[{"start":{"line":91,"column":78},"end":{"line":91,"column":79}}],"line":91},"22":{"loc":{"start":{"line":97,"column":19},"end":{"line":97,"column":30}},"type":"default-arg","locations":[{"start":{"line":97,"column":29},"end":{"line":97,"column":30}}],"line":97},"23":{"loc":{"start":{"line":97,"column":32},"end":{"line":97,"column":43}},"type":"default-arg","locations":[{"start":{"line":97,"column":42},"end":{"line":97,"column":43}}],"line":97},"24":{"loc":{"start":{"line":97,"column":45},"end":{"line":97,"column":53}},"type":"default-arg","locations":[{"start":{"line":97,"column":52},"end":{"line":97,"column":53}}],"line":97},"25":{"loc":{"start":{"line":97,"column":55},"end":{"line":97,"column":65}},"type":"default-arg","locations":[{"start":{"line":97,"column":64},"end":{"line":97,"column":65}}],"line":97},"26":{"loc":{"start":{"line":97,"column":67},"end":{"line":97,"column":81}},"type":"default-arg","locations":[{"start":{"line":97,"column":75},"end":{"line":97,"column":81}}],"line":97},"27":{"loc":{"start":{"line":107,"column":16},"end":{"line":107,"column":21}},"type":"default-arg","locations":[{"start":{"line":107,"column":20},"end":{"line":107,"column":21}}],"line":107},"28":{"loc":{"start":{"line":112,"column":22},"end":{"line":112,"column":37}},"type":"default-arg","locations":[{"start":{"line":112,"column":30},"end":{"line":112,"column":37}}],"line":112}},"s":{"0":5,"1":0,"2":5,"3":0,"4":5,"5":0,"6":5,"7":0,"8":5,"9":0,"10":5,"11":0,"12":5,"13":0,"14":5,"15":0,"16":5,"17":0,"18":5,"19":0,"20":5,"21":0,"22":5,"23":0,"24":5,"25":0,"26":5,"27":0,"28":5,"29":0,"30":5,"31":0,"32":5,"33":0,"34":5,"35":0,"36":5,"37":0,"38":5,"39":0},"f":{"0":0,"1":0,"2":0,"3":0,"4":0,"5":0,"6":0,"7":0,"8":0,"9":0,"10":0,"11":0,"12":0,"13":0,"14":0,"15":0,"16":0,"17":0,"18":0,"19":0},"b":{"0":[0],"1":[0],"2":[0],"3":[0],"4":[0],"5":[0],"6":[0],"7":[0,0],"8":[0],"9":[0],"10":[0],"11":[0],"12":[0],"13":[0],"14":[0],"15":[0],"16":[0],"17":[0,0],"18":[0],"19":[0],"20":[0],"21":[0],"22":[0],"23":[0],"24":[0],"25":[0],"26":[0],"27":[0],"28":[0]},"_coverageSchema":"1a1c01bbd47fc00a2c39e90264f33305004495a9","hash":"34ca08eae03284e9162e18bd1a885d2849780093"}
,"/Users/rindo/Desktop/test/wednesday-challenge/app/utils/checkStore.js": {"path":"/Users/rindo/Desktop/test/wednesday-challenge/app/utils/checkStore.js","statementMap":{"0":{"start":{"line":10,"column":16},"end":{"line":18,"column":3}},"1":{"start":{"line":19,"column":2},"end":{"line":19,"column":96}}},"fnMap":{"0":{"name":"checkStore","decl":{"start":{"line":9,"column":24},"end":{"line":9,"column":34}},"loc":{"start":{"line":9,"column":42},"end":{"line":20,"column":1}},"line":9}},"branchMap":{},"s":{"0":6,"1":6},"f":{"0":6},"b":{},"_coverageSchema":"1a1c01bbd47fc00a2c39e90264f33305004495a9","hash":"07e437754f770d111a815f5ebb7bc69b30de4551"}
,"/Users/rindo/Desktop/test/wednesday-challenge/app/utils/constants.js": {"path":"/Users/rindo/Desktop/test/wednesday-challenge/app/utils/constants.js","statementMap":{"0":{"start":{"line":1,"column":34},"end":{"line":1,"column":70}},"1":{"start":{"line":2,"column":22},"end":{"line":2,"column":46}},"2":{"start":{"line":3,"column":33},"end":{"line":3,"column":68}}},"fnMap":{},"branchMap":{},"s":{"0":0,"1":0,"2":0},"f":{},"b":{}}
,"/Users/rindo/Desktop/test/wednesday-challenge/app/utils/history.js": {"path":"/Users/rindo/Desktop/test/wednesday-challenge/app/utils/history.js","statementMap":{"0":{"start":{"line":2,"column":16},"end":{"line":2,"column":79}},"1":{"start":{"line":3,"column":16},"end":{"line":3,"column":59}}},"fnMap":{},"branchMap":{"0":{"loc":{"start":{"line":2,"column":16},"end":{"line":2,"column":79}},"type":"cond-expr","locations":[{"start":{"line":2,"column":56},"end":{"line":2,"column":73}},{"start":{"line":2,"column":76},"end":{"line":2,"column":79}}],"line":2}},"s":{"0":9,"1":9},"f":{},"b":{"0":[0,9]},"_coverageSchema":"1a1c01bbd47fc00a2c39e90264f33305004495a9","hash":"e0e9fb69b634cba9fd3ff1ec04e1fb7b9ed97aa5"}
,"/Users/rindo/Desktop/test/wednesday-challenge/app/utils/index.js": {"path":"/Users/rindo/Desktop/test/wednesday-challenge/app/utils/index.js","statementMap":{"0":{"start":{"line":13,"column":38},"end":{"line":25,"column":1}},"1":{"start":{"line":14,"column":2},"end":{"line":16,"column":3}},"2":{"start":{"line":15,"column":4},"end":{"line":15,"column":16}},"3":{"start":{"line":17,"column":16},"end":{"line":20,"column":3}},"4":{"start":{"line":19,"column":13},"end":{"line":19,"column":117}},"5":{"start":{"line":21,"column":2},"end":{"line":23,"column":3}},"6":{"start":{"line":22,"column":4},"end":{"line":22,"column":33}},"7":{"start":{"line":24,"column":2},"end":{"line":24,"column":14}},"8":{"start":{"line":26,"column":27},"end":{"line":36,"column":9}},"9":{"start":{"line":27,"column":2},"end":{"line":36,"column":9}},"10":{"start":{"line":28,"column":23},"end":{"line":28,"column":43}},"11":{"start":{"line":31,"column":20},"end":{"line":31,"column":31}},"12":{"start":{"line":32,"column":20},"end":{"line":32,"column":32}},"13":{"start":{"line":33,"column":8},"end":{"line":33,"column":88}},"14":{"start":{"line":34,"column":8},"end":{"line":34,"column":19}},"15":{"start":{"line":38,"column":23},"end":{"line":47,"column":1}},"16":{"start":{"line":39,"column":2},"end":{"line":45,"column":3}},"17":{"start":{"line":40,"column":4},"end":{"line":42,"column":5}},"18":{"start":{"line":41,"column":6},"end":{"line":41,"column":18}},"19":{"start":{"line":46,"column":2},"end":{"line":46,"column":15}}},"fnMap":{"0":{"name":"(anonymous_0)","decl":{"start":{"line":13,"column":38},"end":{"line":13,"column":39}},"loc":{"start":{"line":13,"column":52},"end":{"line":25,"column":1}},"line":13},"1":{"name":"(anonymous_1)","decl":{"start":{"line":19,"column":4},"end":{"line":19,"column":5}},"loc":{"start":{"line":19,"column":13},"end":{"line":19,"column":117}},"line":19},"2":{"name":"(anonymous_2)","decl":{"start":{"line":26,"column":27},"end":{"line":26,"column":28}},"loc":{"start":{"line":27,"column":2},"end":{"line":36,"column":9}},"line":27},"3":{"name":"(anonymous_3)","decl":{"start":{"line":28,"column":14},"end":{"line":28,"column":15}},"loc":{"start":{"line":28,"column":23},"end":{"line":28,"column":43}},"line":28},"4":{"name":"(anonymous_4)","decl":{"start":{"line":30,"column":30},"end":{"line":30,"column":31}},"loc":{"start":{"line":30,"column":48},"end":{"line":35,"column":7}},"line":30},"5":{"name":"(anonymous_5)","decl":{"start":{"line":38,"column":23},"end":{"line":38,"column":24}},"loc":{"start":{"line":38,"column":29},"end":{"line":47,"column":1}},"line":38}},"branchMap":{"0":{"loc":{"start":{"line":14,"column":2},"end":{"line":16,"column":3}},"type":"if","locations":[{"start":{"line":14,"column":2},"end":{"line":16,"column":3}},{"start":{"line":14,"column":2},"end":{"line":16,"column":3}}],"line":14},"1":{"loc":{"start":{"line":19,"column":13},"end":{"line":19,"column":117}},"type":"binary-expr","locations":[{"start":{"line":19,"column":13},"end":{"line":19,"column":60}},{"start":{"line":19,"column":64},"end":{"line":19,"column":117}}],"line":19},"2":{"loc":{"start":{"line":21,"column":2},"end":{"line":23,"column":3}},"type":"if","locations":[{"start":{"line":21,"column":2},"end":{"line":23,"column":3}},{"start":{"line":21,"column":2},"end":{"line":23,"column":3}}],"line":21},"3":{"loc":{"start":{"line":27,"column":2},"end":{"line":36,"column":9}},"type":"cond-expr","locations":[{"start":{"line":28,"column":6},"end":{"line":28,"column":44}},{"start":{"line":29,"column":6},"end":{"line":36,"column":9}}],"line":27},"4":{"loc":{"start":{"line":29,"column":6},"end":{"line":36,"column":9}},"type":"cond-expr","locations":[{"start":{"line":30,"column":6},"end":{"line":35,"column":12}},{"start":{"line":36,"column":6},"end":{"line":36,"column":9}}],"line":29},"5":{"loc":{"start":{"line":33,"column":19},"end":{"line":33,"column":87}},"type":"cond-expr","locations":[{"start":{"line":33,"column":61},"end":{"line":33,"column":81}},{"start":{"line":33,"column":84},"end":{"line":33,"column":87}}],"line":33},"6":{"loc":{"start":{"line":33,"column":19},"end":{"line":33,"column":58}},"type":"binary-expr","locations":[{"start":{"line":33,"column":19},"end":{"line":33,"column":31}},{"start":{"line":33,"column":35},"end":{"line":33,"column":58}}],"line":33},"7":{"loc":{"start":{"line":40,"column":4},"end":{"line":42,"column":5}},"type":"if","locations":[{"start":{"line":40,"column":4},"end":{"line":42,"column":5}},{"start":{"line":40,"column":4},"end":{"line":42,"column":5}}],"line":40}},"s":{"0":4,"1":0,"2":0,"3":0,"4":0,"5":0,"6":0,"7":0,"8":4,"9":4,"10":2,"11":3,"12":3,"13":3,"14":3,"15":4,"16":0,"17":0,"18":0,"19":0},"f":{"0":0,"1":0,"2":4,"3":2,"4":3,"5":0},"b":{"0":[0,0],"1":[0,0],"2":[0,0],"3":[2,2],"4":[2,0],"5":[1,2],"6":[3,3],"7":[0,0]},"_coverageSchema":"1a1c01bbd47fc00a2c39e90264f33305004495a9","hash":"bbd16daa73168814299d1334e133abff08260d61"}
,"/Users/rindo/Desktop/test/wednesday-challenge/app/utils/routeConstants.js": {"path":"/Users/rindo/Desktop/test/wednesday-challenge/app/utils/routeConstants.js","statementMap":{},"fnMap":{},"branchMap":{},"s":{},"f":{},"b":{},"_coverageSchema":"1a1c01bbd47fc00a2c39e90264f33305004495a9","hash":"6d8e3a2aa5e8d65576c6f26082101e2d2a4db8a3"}
}
