TN:
SF:app/configureStore.js
FN:25,configureStore
FNF:1
FNH:1
FNDA:6,configureStore
DA:15,9
DA:23,9
DA:26,6
DA:27,6
DA:46,6
DA:51,6
DA:52,6
DA:53,6
DA:54,6
DA:59,6
DA:60,6
DA:63,6
DA:64,6
DA:65,6
DA:74,6
LF:15
LH:15
BRDA:25,0,0,1
BRF:1
BRH:1
end_of_record
TN:
SF:app/i18n.js
FN:23,(anonymous_0)
FN:26,(anonymous_1)
FNF:2
FNH:2
FNDA:15,(anonymous_0)
FNDA:139,(anonymous_1)
DA:14,12
DA:16,12
DA:19,12
DA:23,12
DA:25,15
DA:26,15
DA:28,139
DA:29,139
DA:31,15
DA:34,12
LF:10
LH:10
BRDA:25,0,0,1
BRDA:25,0,1,14
BRDA:28,1,0,1
BRDA:28,1,1,138
BRDA:28,2,0,139
BRDA:28,2,1,1
BRF:6
BRH:6
end_of_record
TN:
SF:app/icons.js
FNF:0
FNH:0
LF:0
LH:0
BRF:0
BRH:0
end_of_record
TN:
SF:app/reducers.js
FN:15,createReducer
FNF:1
FNH:1
FNDA:9,createReducer
DA:16,9
DA:23,9
LF:2
LH:2
BRDA:15,0,0,9
BRF:1
BRH:1
end_of_record
TN:
SF:app/routeConfig.js
FNF:0
FNH:0
DA:4,1
LF:1
LH:1
BRF:0
BRH:0
end_of_record
TN:
SF:app/components/Clickable/index.js
FN:18,Clickable
FNF:1
FNH:1
FNDA:10,Clickable
DA:12,3
DA:19,10
DA:26,3
LF:3
LH:3
BRDA:21,0,0,10
BRDA:21,0,1,8
BRF:2
BRH:2
end_of_record
TN:
SF:app/components/For/index.js
FN:13,(anonymous_0)
FN:16,For
FN:16,(anonymous_2)
FN:17,(anonymous_3)
FN:17,(anonymous_4)
FN:18,(anonymous_5)
FNF:6
FNH:6
FNDA:1,(anonymous_0)
FNDA:6,For
FNDA:1,(anonymous_2)
FNDA:4,(anonymous_3)
FNDA:8,(anonymous_4)
FNDA:3,(anonymous_5)
DA:11,2
DA:13,1
DA:16,1
DA:17,8
DA:18,6
DA:19,3
DA:23,6
DA:24,2
DA:26,4
DA:29,2
DA:37,2
LF:11
LH:11
BRDA:13,0,0,1
BRDA:13,0,1,0
BRDA:16,1,0,1
BRDA:23,2,0,2
BRDA:23,2,1,4
BRDA:24,3,0,1
BRDA:24,3,1,1
BRDA:24,4,0,2
BRDA:24,4,1,1
BRDA:26,5,0,3
BRDA:26,5,1,1
BRDA:26,6,0,4
BRDA:26,6,1,1
BRF:13
BRH:12
end_of_record
TN:
SF:app/components/Header/index.js
FN:38,Header
FNF:1
FNH:1
FNDA:3,Header
DA:14,2
DA:25,2
DA:30,2
DA:39,3
LF:4
LH:4
BRF:0
BRH:0
end_of_record
TN:
SF:app/components/If/index.js
FN:4,(anonymous_0)
FNF:1
FNH:1
FNDA:19,(anonymous_0)
DA:4,19
DA:6,5
DA:11,5
LF:3
LH:3
BRDA:4,0,0,17
BRDA:4,0,1,2
BRF:2
BRH:2
end_of_record
TN:
SF:app/components/IntlGlobalProvider/index.js
FN:8,IntlGlobalProvider
FN:14,appIntl
FN:18,(anonymous_2)
FNF:3
FNH:1
FNDA:21,IntlGlobalProvider
FNDA:0,appIntl
FNDA:0,(anonymous_2)
DA:9,21
DA:10,21
DA:15,0
DA:18,8
LF:4
LH:3
BRDA:18,0,0,0
BRF:1
BRH:0
end_of_record
TN:
SF:app/components/ProtectedRoute/index.js
FN:12,(anonymous_0)
FN:15,(anonymous_1)
FN:16,(anonymous_2)
FN:19,(anonymous_3)
FN:26,(anonymous_4)
FNF:5
FNH:0
FNDA:0,(anonymous_0)
FNDA:0,(anonymous_1)
FNDA:0,(anonymous_2)
FNDA:0,(anonymous_3)
FNDA:0,(anonymous_4)
DA:12,0
DA:14,0
DA:15,0
DA:16,0
DA:19,0
DA:20,0
DA:21,0
DA:23,0
DA:26,0
DA:28,0
DA:30,0
DA:31,0
DA:32,0
DA:35,0
DA:37,0
DA:39,0
DA:40,0
DA:43,0
DA:46,0
DA:48,0
DA:51,0
LF:21
LH:0
BRDA:14,0,0,0
BRDA:14,0,1,0
BRDA:20,1,0,0
BRDA:20,1,1,0
BRDA:28,2,0,0
BRDA:28,2,1,0
BRDA:30,3,0,0
BRDA:30,3,1,0
BRDA:37,4,0,0
BRDA:37,4,1,0
BRDA:39,5,0,0
BRDA:39,5,1,0
BRF:12
BRH:0
end_of_record
TN:
SF:app/components/T/index.js
FN:16,(anonymous_0)
FN:17,(anonymous_1)
FN:20,(anonymous_2)
FN:20,(anonymous_3)
FN:21,(anonymous_4)
FNF:5
FNH:5
FNDA:19,(anonymous_0)
FNDA:19,(anonymous_1)
FNDA:20,(anonymous_2)
FNDA:1,(anonymous_3)
FNDA:20,(anonymous_4)
DA:14,5
DA:16,19
DA:17,19
DA:20,20
DA:21,5
DA:24,20
DA:33,5
DA:41,5
DA:46,5
LF:9
LH:9
BRDA:16,0,0,19
BRDA:16,0,1,4
BRDA:20,1,0,18
BRDA:20,1,1,2
BRF:4
BRH:4
end_of_record
TN:
SF:app/containers/App/index.js
FN:29,App
FN:35,(anonymous_1)
FN:37,(anonymous_2)
FN:44,(anonymous_3)
FNF:4
FNH:4
FNDA:1,App
FNDA:1,(anonymous_1)
FNDA:2,(anonymous_2)
FNDA:1,(anonymous_3)
DA:24,1
DA:30,1
DA:35,1
DA:38,2
DA:39,2
DA:45,1
DA:49,1
DA:60,1
LF:8
LH:8
BRF:0
BRH:0
end_of_record
TN:
SF:app/containers/App/selectors.js
FN:3,(anonymous_0)
FN:5,(anonymous_1)
FN:5,(anonymous_2)
FNF:3
FNH:3
FNDA:1,(anonymous_0)
FNDA:1,(anonymous_1)
FNDA:1,(anonymous_2)
DA:3,1
DA:5,1
LF:2
LH:2
BRF:0
BRH:0
end_of_record
TN:
SF:app/containers/HomeContainer/index.js
FN:26,(anonymous_0)
FN:27,(anonymous_1)
FN:28,(anonymous_2)
FN:35,(anonymous_3)
FN:38,(anonymous_4)
FN:45,HomeContainer
FN:57,(anonymous_6)
FN:64,(anonymous_7)
FN:73,(anonymous_8)
FN:84,(anonymous_9)
FN:102,(anonymous_10)
FN:114,(anonymous_11)
FN:130,(anonymous_12)
FN:146,(anonymous_13)
FN:147,(anonymous_14)
FN:186,mapDispatchToProps
FN:189,(anonymous_16)
FN:190,(anonymous_17)
FNF:18
FNH:12
FNDA:12,(anonymous_0)
FNDA:12,(anonymous_1)
FNDA:12,(anonymous_2)
FNDA:6,(anonymous_3)
FNDA:6,(anonymous_4)
FNDA:6,HomeContainer
FNDA:3,(anonymous_6)
FNDA:3,(anonymous_7)
FNDA:3,(anonymous_8)
FNDA:6,(anonymous_9)
FNDA:0,(anonymous_10)
FNDA:6,(anonymous_11)
FNDA:0,(anonymous_12)
FNDA:3,(anonymous_13)
FNDA:0,(anonymous_14)
FNDA:0,mapDispatchToProps
FNDA:0,(anonymous_16)
FNDA:0,(anonymous_17)
DA:21,2
DA:23,2
DA:26,12
DA:27,12
DA:28,12
DA:31,2
DA:35,6
DA:38,6
DA:41,2
DA:55,6
DA:57,6
DA:58,3
DA:59,3
DA:60,0
DA:64,6
DA:65,3
DA:66,0
DA:67,0
DA:71,6
DA:73,6
DA:74,3
DA:75,2
DA:76,2
DA:78,1
DA:79,1
DA:82,6
DA:84,6
DA:85,6
DA:86,6
DA:88,6
DA:103,0
DA:114,6
DA:116,6
DA:117,0
DA:118,6
DA:119,6
DA:121,6
DA:130,6
DA:131,0
DA:132,0
DA:135,6
DA:146,3
DA:147,0
DA:156,2
DA:172,2
DA:179,2
DA:187,0
DA:188,0
DA:189,0
DA:190,0
DA:194,2
DA:203,2
LF:52
LH:40
BRDA:28,0,0,12
BRDA:28,0,1,4
BRDA:58,1,0,3
BRDA:58,1,1,3
BRDA:59,2,0,0
BRDA:59,2,1,3
BRDA:59,3,0,3
BRDA:59,3,1,0
BRDA:65,4,0,0
BRDA:65,4,1,3
BRDA:65,5,0,3
BRDA:65,5,1,0
BRDA:74,6,0,2
BRDA:74,6,1,1
BRDA:89,7,0,6
BRDA:89,7,1,6
BRDA:89,7,2,2
BRDA:92,8,0,2
BRDA:92,8,1,0
BRDA:97,9,0,2
BRDA:97,9,1,0
BRDA:116,10,0,0
BRDA:116,10,1,6
BRDA:118,11,0,6
BRDA:118,11,1,0
BRDA:122,12,0,6
BRDA:122,12,1,4
BRDA:122,12,2,4
BRDA:124,13,0,0
BRDA:124,13,1,4
BRF:30
BRH:21
end_of_record
TN:
SF:app/containers/HomeContainer/reducer.js
FN:19,(anonymous_0)
FN:20,(anonymous_1)
FNF:2
FNH:2
FNDA:40,(anonymous_0)
FNDA:40,(anonymous_1)
DA:10,11
DA:16,11
DA:19,11
DA:20,40
DA:21,40
DA:23,1
DA:24,1
DA:26,0
DA:28,1
DA:29,1
DA:31,1
DA:32,1
LF:12
LH:11
BRDA:19,0,0,25
BRDA:21,1,0,1
BRDA:21,1,1,0
BRDA:21,1,2,1
BRDA:21,1,3,1
BRF:5
BRH:4
end_of_record
TN:
SF:app/containers/HomeContainer/saga.js
FN:7,getItunesData
FN:17,homeContainerSaga
FNF:2
FNH:2
FNDA:2,getItunesData
FNDA:1,homeContainerSaga
DA:5,3
DA:6,3
DA:8,2
DA:9,2
DA:10,2
DA:11,1
DA:13,1
DA:18,1
LF:8
LH:8
BRDA:10,0,0,1
BRDA:10,0,1,1
BRF:2
BRH:2
end_of_record
TN:
SF:app/containers/HomeContainer/selectors.js
FN:9,(anonymous_0)
FN:19,(anonymous_1)
FN:19,(anonymous_2)
FN:21,(anonymous_3)
FN:22,(anonymous_4)
FN:24,(anonymous_5)
FN:25,(anonymous_6)
FN:27,(anonymous_7)
FN:28,(anonymous_8)
FNF:9
FNH:9
FNDA:4,(anonymous_0)
FNDA:3,(anonymous_1)
FNDA:1,(anonymous_2)
FNDA:3,(anonymous_3)
FNDA:1,(anonymous_4)
FNDA:3,(anonymous_5)
FNDA:1,(anonymous_6)
FNDA:3,(anonymous_7)
FNDA:1,(anonymous_8)
DA:9,4
DA:19,3
DA:21,3
DA:22,3
DA:24,3
DA:25,3
DA:27,3
DA:28,3
LF:8
LH:8
BRDA:9,0,0,4
BRDA:9,0,1,0
BRF:2
BRH:1
end_of_record
TN:
SF:app/containers/LanguageProvider/index.js
FN:17,LanguageProvider
FN:31,(anonymous_1)
FN:35,mapDispatchToProps
FNF:3
FNH:3
FNDA:6,LanguageProvider
FNDA:2,(anonymous_1)
FNDA:4,mapDispatchToProps
DA:18,6
DA:25,8
DA:31,8
DA:36,4
LF:4
LH:4
BRF:0
BRH:0
end_of_record
TN:
SF:app/containers/LanguageProvider/reducer.js
FN:19,(anonymous_0)
FN:20,(anonymous_1)
FNF:2
FNH:2
FNDA:38,(anonymous_0)
FNDA:38,(anonymous_1)
DA:10,11
DA:14,11
DA:19,11
DA:20,38
DA:21,38
DA:23,1
DA:24,1
LF:7
LH:7
BRDA:19,0,0,26
BRDA:21,1,0,1
BRF:2
BRH:2
end_of_record
TN:
SF:app/containers/LanguageProvider/selectors.js
FN:7,(anonymous_0)
FN:13,(anonymous_1)
FN:13,(anonymous_2)
FNF:3
FNH:3
FNDA:8,(anonymous_0)
FNDA:8,(anonymous_1)
FNDA:3,(anonymous_2)
DA:7,9
DA:13,9
LF:2
LH:2
BRDA:7,0,0,8
BRDA:7,0,1,0
BRF:2
BRH:1
end_of_record
TN:
SF:app/containers/NotFoundPage/index.js
FN:13,NotFound
FNF:1
FNH:1
FNDA:1,NotFound
DA:14,1
LF:1
LH:1
BRF:0
BRH:0
end_of_record
TN:
SF:app/containers/NotFoundPage/messages.js
FNF:0
FNH:0
DA:8,1
LF:1
LH:1
BRF:0
BRH:0
end_of_record
TN:
SF:app/services/iTunesApi.js
FN:4,(anonymous_0)
FNF:1
FNH:1
FNDA:1,(anonymous_0)
DA:2,4
DA:4,4
LF:2
LH:2
BRF:0
BRH:0
end_of_record
TN:
SF:app/themes/colors.js
FNF:0
FNH:0
DA:8,6
DA:9,6
DA:10,6
DA:11,6
DA:12,6
DA:14,6
DA:33,6
LF:7
LH:7
BRF:0
BRH:0
end_of_record
TN:
SF:app/themes/fonts.js
FN:5,(anonymous_0)
FN:18,(anonymous_1)
FN:22,(anonymous_2)
FN:25,(anonymous_3)
FN:28,(anonymous_4)
FN:31,(anonymous_5)
FN:34,(anonymous_6)
FN:39,(anonymous_7)
FN:42,(anonymous_8)
FN:46,(anonymous_9)
FN:51,(anonymous_10)
FN:56,(anonymous_11)
FN:61,(anonymous_12)
FN:66,(anonymous_13)
FNF:14
FNH:14
FNDA:2,(anonymous_0)
FNDA:18,(anonymous_1)
FNDA:6,(anonymous_2)
FNDA:3,(anonymous_3)
FNDA:3,(anonymous_4)
FNDA:6,(anonymous_5)
FNDA:1,(anonymous_6)
FNDA:1,(anonymous_7)
FNDA:8,(anonymous_8)
FNDA:20,(anonymous_9)
FNDA:5,(anonymous_10)
FNDA:2,(anonymous_11)
FNDA:17,(anonymous_12)
FNDA:2,(anonymous_13)
DA:5,6
DA:18,18
DA:22,6
DA:25,6
DA:28,6
DA:31,6
DA:34,6
DA:39,6
DA:42,8
DA:46,20
DA:51,6
DA:56,6
DA:61,17
DA:66,6
LF:14
LH:14
BRDA:5,0,0,0
BRDA:5,1,0,0
BRF:2
BRH:0
end_of_record
TN:
SF:app/themes/media.js
FN:13,(anonymous_0)
FN:15,(anonymous_1)
FN:23,(anonymous_2)
FNF:3
FNH:2
FNDA:18,(anonymous_0)
FNDA:4,(anonymous_1)
FNDA:0,(anonymous_2)
DA:2,6
DA:7,6
DA:14,18
DA:16,4
DA:24,0
DA:32,18
LF:6
LH:5
BRF:0
BRH:0
end_of_record
TN:
SF:app/themes/styles.js
FN:4,(anonymous_0)
FN:23,(anonymous_1)
FN:28,(anonymous_2)
FN:34,(anonymous_3)
FN:38,(anonymous_4)
FN:42,(anonymous_5)
FN:46,(anonymous_6)
FN:51,(anonymous_7)
FN:56,(anonymous_8)
FN:61,(anonymous_9)
FN:66,(anonymous_10)
FN:71,(anonymous_11)
FN:76,(anonymous_12)
FN:81,(anonymous_13)
FN:86,(anonymous_14)
FN:91,(anonymous_15)
FN:97,(anonymous_16)
FN:102,(anonymous_17)
FN:107,(anonymous_18)
FN:112,(anonymous_19)
FNF:20
FNH:0
FNDA:0,(anonymous_0)
FNDA:0,(anonymous_1)
FNDA:0,(anonymous_2)
FNDA:0,(anonymous_3)
FNDA:0,(anonymous_4)
FNDA:0,(anonymous_5)
FNDA:0,(anonymous_6)
FNDA:0,(anonymous_7)
FNDA:0,(anonymous_8)
FNDA:0,(anonymous_9)
FNDA:0,(anonymous_10)
FNDA:0,(anonymous_11)
FNDA:0,(anonymous_12)
FNDA:0,(anonymous_13)
FNDA:0,(anonymous_14)
FNDA:0,(anonymous_15)
FNDA:0,(anonymous_16)
FNDA:0,(anonymous_17)
FNDA:0,(anonymous_18)
FNDA:0,(anonymous_19)
DA:4,5
DA:12,0
DA:23,5
DA:28,5
DA:34,5
DA:38,5
DA:42,5
DA:46,5
DA:47,0
DA:51,5
DA:52,0
DA:56,5
DA:57,0
DA:61,5
DA:62,0
DA:66,5
DA:71,5
DA:76,5
DA:81,5
DA:86,5
DA:87,0
DA:91,5
DA:92,0
DA:97,5
DA:98,0
DA:102,5
DA:103,0
DA:107,5
DA:108,0
DA:112,5
LF:30
LH:20
BRDA:5,0,0,0
BRDA:6,1,0,0
BRDA:7,2,0,0
BRDA:8,3,0,0
BRDA:9,4,0,0
BRDA:10,5,0,0
BRDA:11,6,0,0
BRDA:13,7,0,0
BRDA:13,7,1,0
BRDA:42,8,0,0
BRDA:46,9,0,0
BRDA:51,10,0,0
BRDA:56,11,0,0
BRDA:61,12,0,0
BRDA:66,13,0,0
BRDA:71,14,0,0
BRDA:76,15,0,0
BRDA:81,16,0,0
BRDA:88,17,0,0
BRDA:88,17,1,0
BRDA:91,18,0,0
BRDA:91,19,0,0
BRDA:91,20,0,0
BRDA:91,21,0,0
BRDA:97,22,0,0
BRDA:97,23,0,0
BRDA:97,24,0,0
BRDA:97,25,0,0
BRDA:97,26,0,0
BRDA:107,27,0,0
BRDA:112,28,0,0
BRF:31
BRH:0
end_of_record
TN:
SF:app/utils/checkStore.js
FN:9,checkStore
FNF:1
FNH:1
FNDA:6,checkStore
DA:10,6
DA:19,6
LF:2
LH:2
BRF:0
BRH:0
end_of_record
TN:
SF:app/utils/constants.js
FNF:0
FNH:0
DA:1,0
DA:2,0
DA:3,0
LF:3
LH:0
BRF:0
BRH:0
end_of_record
TN:
SF:app/utils/history.js
FNF:0
FNH:0
DA:2,9
DA:3,9
LF:2
LH:2
BRDA:2,0,0,0
BRDA:2,0,1,9
BRF:2
BRH:1
end_of_record
TN:
SF:app/utils/index.js
FN:13,(anonymous_0)
FN:19,(anonymous_1)
FN:26,(anonymous_2)
FN:28,(anonymous_3)
FN:30,(anonymous_4)
FN:38,(anonymous_5)
FNF:6
FNH:3
FNDA:0,(anonymous_0)
FNDA:0,(anonymous_1)
FNDA:4,(anonymous_2)
FNDA:2,(anonymous_3)
FNDA:3,(anonymous_4)
FNDA:0,(anonymous_5)
DA:13,4
DA:14,0
DA:15,0
DA:17,0
DA:19,0
DA:21,0
DA:22,0
DA:24,0
DA:26,4
DA:27,4
DA:28,2
DA:31,3
DA:32,3
DA:33,3
DA:34,3
DA:38,4
DA:39,0
DA:40,0
DA:41,0
DA:46,0
LF:20
LH:9
BRDA:14,0,0,0
BRDA:14,0,1,0
BRDA:19,1,0,0
BRDA:19,1,1,0
BRDA:21,2,0,0
BRDA:21,2,1,0
BRDA:27,3,0,2
BRDA:27,3,1,2
BRDA:29,4,0,2
BRDA:29,4,1,0
BRDA:33,5,0,1
BRDA:33,5,1,2
BRDA:33,6,0,3
BRDA:33,6,1,3
BRDA:40,7,0,0
BRDA:40,7,1,0
BRF:16
BRH:7
end_of_record
TN:
SF:app/utils/routeConstants.js
FNF:0
FNH:0
LF:0
LH:0
BRF:0
BRH:0
end_of_record
